17.11.2016 11:25 --- / --------------------------------
Warning: getimagesize(/home/ubuntu/workspace/images/theme/bootstrap/na.png): failed to open stream: No such file or directory, /home/ubuntu/workspace/includes/classes/smarty.gui.php @ 1287
17.11.2016 11:35 --- / --------------------------------
Warning: getimagesize(/home/ubuntu/workspace/images/theme/bootstrap/na.png): failed to open stream: No such file or directory, /home/ubuntu/workspace/includes/classes/smarty.gui.php @ 1287
17.11.2016 11:35 --- / --------------------------------
Warning: getimagesize(/home/ubuntu/workspace/images/theme/bootstrap/na.png): failed to open stream: No such file or directory, /home/ubuntu/workspace/includes/classes/smarty.gui.php @ 1287
17.11.2016 11:35 --- / --------------------------------
Warning: getimagesize(/home/ubuntu/workspace/images/theme/bootstrap/na.png): failed to open stream: No such file or directory, /home/ubuntu/workspace/includes/classes/smarty.gui.php @ 1287
17.11.2016 11:57 --- / --------------------------------
Warning: getimagesize(/home/ubuntu/workspace/images/theme/bootstrap/na.png): failed to open stream: No such file or directory, /home/ubuntu/workspace/includes/classes/smarty.gui.php @ 1287
17.11.2016 11:57 --- / --------------------------------
Warning: getimagesize(/home/ubuntu/workspace/images/theme/bootstrap/na.png): failed to open stream: No such file or directory, /home/ubuntu/workspace/includes/classes/smarty.gui.php @ 1287
17.11.2016 11:57 --- / --------------------------------
Warning: getimagesize(/home/ubuntu/workspace/images/theme/bootstrap/na.png): failed to open stream: No such file or directory, /home/ubuntu/workspace/includes/classes/smarty.gui.php @ 1287
17.11.2016 11:57 --- / --------------------------------
Warning: getimagesize(/home/ubuntu/workspace/images/theme/bootstrap/na.png): failed to open stream: No such file or directory, /home/ubuntu/workspace/includes/classes/smarty.gui.php @ 1287
17.11.2016 11:58 --- / --------------------------------
Warning: getimagesize(/home/ubuntu/workspace/images/theme/bootstrap/na.png): failed to open stream: No such file or directory, /home/ubuntu/workspace/includes/classes/smarty.gui.php @ 1287
17.11.2016 11:58 --- / --------------------------------
Warning: getimagesize(/home/ubuntu/workspace/images/theme/bootstrap/na.png): failed to open stream: No such file or directory, /home/ubuntu/workspace/includes/classes/smarty.gui.php @ 1287
17.11.2016 11:59 --- / --------------------------------
Warning: getimagesize(/home/ubuntu/workspace/images/theme/bootstrap/na.png): failed to open stream: No such file or directory, /home/ubuntu/workspace/includes/classes/smarty.gui.php @ 1287
17.11.2016 12:00 --- / --------------------------------
Warning: getimagesize(/home/ubuntu/workspace/images/theme/bootstrap/na.png): failed to open stream: No such file or directory, /home/ubuntu/workspace/includes/classes/smarty.gui.php @ 1287
17.11.2016 12:35 --- / --------------------------------
Warning: getimagesize(/home/ubuntu/workspace/images/theme/bootstrap/na.png): failed to open stream: No such file or directory, /home/ubuntu/workspace/includes/classes/smarty.gui.php @ 1287
17.11.2016 12:35 --- / --------------------------------
Warning: getimagesize(/home/ubuntu/workspace/images/theme/bootstrap/na.png): failed to open stream: No such file or directory, /home/ubuntu/workspace/includes/classes/smarty.gui.php @ 1287
17.11.2016 12:36 --- / --------------------------------
Warning: getimagesize(/home/ubuntu/workspace/images/theme/bootstrap/na.png): failed to open stream: No such file or directory, /home/ubuntu/workspace/includes/classes/smarty.gui.php @ 1287
17.11.2016 12:36 --- / --------------------------------
Warning: getimagesize(/home/ubuntu/workspace/images/theme/bootstrap/na.png): failed to open stream: No such file or directory, /home/ubuntu/workspace/includes/classes/smarty.gui.php @ 1287
17.11.2016 12:37 --- / --------------------------------
Warning: getimagesize(/home/ubuntu/workspace/images/theme/bootstrap/na.png): failed to open stream: No such file or directory, /home/ubuntu/workspace/includes/classes/smarty.gui.php @ 1287
17.11.2016 12:37 --- / --------------------------------
Warning: getimagesize(/home/ubuntu/workspace/images/theme/bootstrap/na.png): failed to open stream: No such file or directory, /home/ubuntu/workspace/includes/classes/smarty.gui.php @ 1287
17.11.2016 12:37 --- / --------------------------------
Warning: getimagesize(/home/ubuntu/workspace/images/theme/bootstrap/na.png): failed to open stream: No such file or directory, /home/ubuntu/workspace/includes/classes/smarty.gui.php @ 1287
17.11.2016 12:39 --- / --------------------------------
Warning: getimagesize(/home/ubuntu/workspace/images/theme/bootstrap/na.png): failed to open stream: No such file or directory, /home/ubuntu/workspace/includes/classes/smarty.gui.php @ 1287
17.11.2016 12:39 --- / --------------------------------
Warning: getimagesize(/home/ubuntu/workspace/images/theme/bootstrap/na.png): failed to open stream: No such file or directory, /home/ubuntu/workspace/includes/classes/smarty.gui.php @ 1287
17.11.2016 12:41 --- / --------------------------------
Warning: getimagesize(/home/ubuntu/workspace/images/theme/bootstrap/na.png): failed to open stream: No such file or directory, /home/ubuntu/workspace/includes/classes/smarty.gui.php @ 1287
17.11.2016 12:41 --- / --------------------------------
Warning: getimagesize(/home/ubuntu/workspace/images/theme/bootstrap/na.png): failed to open stream: No such file or directory, /home/ubuntu/workspace/includes/classes/smarty.gui.php @ 1287
17.11.2016 12:41 --- / --------------------------------
Warning: getimagesize(/home/ubuntu/workspace/images/theme/bootstrap/na.png): failed to open stream: No such file or directory, /home/ubuntu/workspace/includes/classes/smarty.gui.php @ 1287
17.11.2016 12:47 --- / --------------------------------
Warning: getimagesize(/home/ubuntu/workspace/images/theme/bootstrap/na.png): failed to open stream: No such file or directory, /home/ubuntu/workspace/includes/classes/smarty.gui.php @ 1287
17.11.2016 12:47 --- / --------------------------------
Warning: getimagesize(/home/ubuntu/workspace/images/theme/bootstrap/na.png): failed to open stream: No such file or directory, /home/ubuntu/workspace/includes/classes/smarty.gui.php @ 1287
17.11.2016 12:49 --- / --------------------------------
Warning: getimagesize(/home/ubuntu/workspace/images/theme/bootstrap/na.png): failed to open stream: No such file or directory, /home/ubuntu/workspace/includes/classes/smarty.gui.php @ 1287
17.11.2016 12:49 --- / --------------------------------
Warning: getimagesize(/home/ubuntu/workspace/images/theme/bootstrap/na.png): failed to open stream: No such file or directory, /home/ubuntu/workspace/includes/classes/smarty.gui.php @ 1287
17.11.2016 12:49 --- / --------------------------------
Warning: getimagesize(/home/ubuntu/workspace/images/theme/bootstrap/na.png): failed to open stream: No such file or directory, /home/ubuntu/workspace/includes/classes/smarty.gui.php @ 1287
17.11.2016 12:49 --- / --------------------------------
Warning: getimagesize(/home/ubuntu/workspace/images/theme/bootstrap/na.png): failed to open stream: No such file or directory, /home/ubuntu/workspace/includes/classes/smarty.gui.php @ 1287
17.11.2016 13:01 --- / --------------------------------
Warning: getimagesize(/home/ubuntu/workspace/images/theme/bootstrap/na.png): failed to open stream: No such file or directory, /home/ubuntu/workspace/includes/classes/smarty.gui.php @ 1287
17.11.2016 13:01 --- / --------------------------------
Warning: getimagesize(/home/ubuntu/workspace/images/theme/bootstrap/na.png): failed to open stream: No such file or directory, /home/ubuntu/workspace/includes/classes/smarty.gui.php @ 1287
17.11.2016 13:01 --- / --------------------------------
Warning: getimagesize(/home/ubuntu/workspace/images/theme/bootstrap/na.png): failed to open stream: No such file or directory, /home/ubuntu/workspace/includes/classes/smarty.gui.php @ 1287
17.11.2016 13:01 --- / --------------------------------
Warning: getimagesize(/home/ubuntu/workspace/images/theme/bootstrap/na.png): failed to open stream: No such file or directory, /home/ubuntu/workspace/includes/classes/smarty.gui.php @ 1287
17.11.2016 13:02 --- / --------------------------------
Warning: getimagesize(/home/ubuntu/workspace/images/theme/bootstrap/na.png): failed to open stream: No such file or directory, /home/ubuntu/workspace/includes/classes/smarty.gui.php @ 1287
17.11.2016 13:02 --- /index.php --------------------------------
Warning: getimagesize(/home/ubuntu/workspace/images/theme/bootstrap/na.png): failed to open stream: No such file or directory, /home/ubuntu/workspace/includes/classes/smarty.gui.php @ 1287
17.11.2016 13:02 --- /index.php --------------------------------
Warning: getimagesize(/home/ubuntu/workspace/images/theme/bootstrap/na.png): failed to open stream: No such file or directory, /home/ubuntu/workspace/includes/classes/smarty.gui.php @ 1287
17.11.2016 13:03 --- /index.php --------------------------------
Warning: getimagesize(/home/ubuntu/workspace/images/theme/bootstrap/na.png): failed to open stream: No such file or directory, /home/ubuntu/workspace/includes/classes/smarty.gui.php @ 1287
17.11.2016 13:04 --- /index.php --------------------------------
Warning: getimagesize(/home/ubuntu/workspace/images/theme/bootstrap/na.png): failed to open stream: No such file or directory, /home/ubuntu/workspace/includes/classes/smarty.gui.php @ 1287
17.11.2016 13:05 --- /index.php --------------------------------
Warning: getimagesize(/home/ubuntu/workspace/images/theme/bootstrap/na.png): failed to open stream: No such file or directory, /home/ubuntu/workspace/includes/classes/smarty.gui.php @ 1287
17.11.2016 13:05 --- /index.php --------------------------------
Warning: getimagesize(/home/ubuntu/workspace/images/theme/bootstrap/na.png): failed to open stream: No such file or directory, /home/ubuntu/workspace/includes/classes/smarty.gui.php @ 1287
17.11.2016 13:05 --- /index.php --------------------------------
Warning: getimagesize(/home/ubuntu/workspace/images/theme/bootstrap/na.png): failed to open stream: No such file or directory, /home/ubuntu/workspace/includes/classes/smarty.gui.php @ 1287
17.11.2016 13:06 --- /index.php --------------------------------
Warning: getimagesize(/home/ubuntu/workspace/images/theme/bootstrap/na.png): failed to open stream: No such file or directory, /home/ubuntu/workspace/includes/classes/smarty.gui.php @ 1287
17.11.2016 13:06 --- /index.php --------------------------------
Warning: getimagesize(/home/ubuntu/workspace/images/theme/bootstrap/na.png): failed to open stream: No such file or directory, /home/ubuntu/workspace/includes/classes/smarty.gui.php @ 1287
17.11.2016 13:06 --- /index.php --------------------------------
Warning: getimagesize(/home/ubuntu/workspace/images/theme/bootstrap/na.png): failed to open stream: No such file or directory, /home/ubuntu/workspace/includes/classes/smarty.gui.php @ 1287
17.11.2016 13:06 --- /index.php --------------------------------
Warning: getimagesize(/home/ubuntu/workspace/images/theme/bootstrap/na.png): failed to open stream: No such file or directory, /home/ubuntu/workspace/includes/classes/smarty.gui.php @ 1287
17.11.2016 13:06 --- /index.php --------------------------------
Warning: getimagesize(/home/ubuntu/workspace/images/theme/bootstrap/na.png): failed to open stream: No such file or directory, /home/ubuntu/workspace/includes/classes/smarty.gui.php @ 1287
17.11.2016 13:19 --- /index.php --------------------------------
Warning: getimagesize(/home/ubuntu/workspace/images/theme/bootstrap/na.png): failed to open stream: No such file or directory, /home/ubuntu/workspace/includes/classes/smarty.gui.php @ 1287
17.11.2016 13:19 --- /index.php --------------------------------
Warning: getimagesize(/home/ubuntu/workspace/images/theme/bootstrap/na.png): failed to open stream: No such file or directory, /home/ubuntu/workspace/includes/classes/smarty.gui.php @ 1287
17.11.2016 13:19 --- /index.php --------------------------------
Warning: getimagesize(/home/ubuntu/workspace/images/theme/bootstrap/na.png): failed to open stream: No such file or directory, /home/ubuntu/workspace/includes/classes/smarty.gui.php @ 1287
17.11.2016 13:19 --- /index.php --------------------------------
Warning: getimagesize(/home/ubuntu/workspace/images/theme/bootstrap/na.png): failed to open stream: No such file or directory, /home/ubuntu/workspace/includes/classes/smarty.gui.php @ 1287
17.11.2016 13:19 --- /index.php --------------------------------
Warning: getimagesize(/home/ubuntu/workspace/images/theme/bootstrap/na.png): failed to open stream: No such file or directory, /home/ubuntu/workspace/includes/classes/smarty.gui.php @ 1287
17.11.2016 13:19 --- /index.php --------------------------------
Warning: getimagesize(/home/ubuntu/workspace/images/theme/bootstrap/na.png): failed to open stream: No such file or directory, /home/ubuntu/workspace/includes/classes/smarty.gui.php @ 1287
17.11.2016 13:20 --- /index.php --------------------------------
Warning: getimagesize(/home/ubuntu/workspace/images/theme/bootstrap/na.png): failed to open stream: No such file or directory, /home/ubuntu/workspace/includes/classes/smarty.gui.php @ 1287
17.11.2016 13:20 --- /index.php --------------------------------
Warning: getimagesize(/home/ubuntu/workspace/images/theme/bootstrap/na.png): failed to open stream: No such file or directory, /home/ubuntu/workspace/includes/classes/smarty.gui.php @ 1287
17.11.2016 13:22 --- /index.php --------------------------------
Warning: getimagesize(/home/ubuntu/workspace/images/theme/bootstrap/na.png): failed to open stream: No such file or directory, /home/ubuntu/workspace/includes/classes/smarty.gui.php @ 1287
17.11.2016 13:22 --- /index.php --------------------------------
Warning: getimagesize(/home/ubuntu/workspace/images/theme/bootstrap/na.png): failed to open stream: No such file or directory, /home/ubuntu/workspace/includes/classes/smarty.gui.php @ 1287
17.11.2016 13:23 --- /index.php --------------------------------
Warning: getimagesize(/home/ubuntu/workspace/images/theme/bootstrap/na.png): failed to open stream: No such file or directory, /home/ubuntu/workspace/includes/classes/smarty.gui.php @ 1287
17.11.2016 13:23 --- /index.php --------------------------------
Warning: getimagesize(/home/ubuntu/workspace/images/theme/bootstrap/na.png): failed to open stream: No such file or directory, /home/ubuntu/workspace/includes/classes/smarty.gui.php @ 1287
17.11.2016 13:23 --- /index.php --------------------------------
Warning: getimagesize(/home/ubuntu/workspace/images/theme/bootstrap/na.png): failed to open stream: No such file or directory, /home/ubuntu/workspace/includes/classes/smarty.gui.php @ 1287
17.11.2016 13:23 --- /index.php --------------------------------
Warning: getimagesize(/home/ubuntu/workspace/images/theme/bootstrap/na.png): failed to open stream: No such file or directory, /home/ubuntu/workspace/includes/classes/smarty.gui.php @ 1287
17.11.2016 13:25 --- /index.php --------------------------------
Warning: getimagesize(/home/ubuntu/workspace/images/theme/bootstrap/na.png): failed to open stream: No such file or directory, /home/ubuntu/workspace/includes/classes/smarty.gui.php @ 1287
17.11.2016 13:25 --- /index.php --------------------------------
Warning: getimagesize(/home/ubuntu/workspace/images/theme/bootstrap/na.png): failed to open stream: No such file or directory, /home/ubuntu/workspace/includes/classes/smarty.gui.php @ 1287
17.11.2016 13:25 --- /index.php --------------------------------
Warning: getimagesize(/home/ubuntu/workspace/images/theme/bootstrap/na.png): failed to open stream: No such file or directory, /home/ubuntu/workspace/includes/classes/smarty.gui.php @ 1287
17.11.2016 13:25 --- /index.php --------------------------------
Warning: getimagesize(/home/ubuntu/workspace/images/theme/bootstrap/na.png): failed to open stream: No such file or directory, /home/ubuntu/workspace/includes/classes/smarty.gui.php @ 1287
17.11.2016 13:29 --- /index.php --------------------------------
Warning: getimagesize(/home/ubuntu/workspace/images/theme/bootstrap/na.png): failed to open stream: No such file or directory, /home/ubuntu/workspace/includes/classes/smarty.gui.php @ 1287
17.11.2016 13:30 --- /programm.php --------------------------------
Warning: getimagesize(/home/ubuntu/workspace/images/theme/bootstrap/na.png): failed to open stream: No such file or directory, /home/ubuntu/workspace/includes/classes/smarty.gui.php @ 1287
17.11.2016 13:30 --- /index.php --------------------------------
Warning: getimagesize(/home/ubuntu/workspace/images/theme/bootstrap/na.png): failed to open stream: No such file or directory, /home/ubuntu/workspace/includes/classes/smarty.gui.php @ 1287
17.11.2016 13:33 --- /index.php --------------------------------
Warning: getimagesize(/home/ubuntu/workspace/images/theme/bootstrap/na.png): failed to open stream: No such file or directory, /home/ubuntu/workspace/includes/classes/smarty.gui.php @ 1287
17.11.2016 13:36 --- /index.php --------------------------------
Warning: getimagesize(/home/ubuntu/workspace/images/theme/bootstrap/na.png): failed to open stream: No such file or directory, /home/ubuntu/workspace/includes/classes/smarty.gui.php @ 1287
17.11.2016 13:36 --- /index.php --------------------------------
Warning: getimagesize(/home/ubuntu/workspace/images/theme/bootstrap/na.png): failed to open stream: No such file or directory, /home/ubuntu/workspace/includes/classes/smarty.gui.php @ 1287
17.11.2016 13:36 --- /index.php --------------------------------
Warning: getimagesize(/home/ubuntu/workspace/images/theme/bootstrap/na.png): failed to open stream: No such file or directory, /home/ubuntu/workspace/includes/classes/smarty.gui.php @ 1287
17.11.2016 13:36 --- /index.php --------------------------------
Warning: getimagesize(/home/ubuntu/workspace/images/theme/bootstrap/na.png): failed to open stream: No such file or directory, /home/ubuntu/workspace/includes/classes/smarty.gui.php @ 1287
17.11.2016 13:37 --- /index.php --------------------------------
Warning: getimagesize(/home/ubuntu/workspace/images/theme/bootstrap/na.png): failed to open stream: No such file or directory, /home/ubuntu/workspace/includes/classes/smarty.gui.php @ 1287
17.11.2016 13:37 --- /index.php --------------------------------
Warning: getimagesize(/home/ubuntu/workspace/images/theme/bootstrap/na.png): failed to open stream: No such file or directory, /home/ubuntu/workspace/includes/classes/smarty.gui.php @ 1287
17.11.2016 13:37 --- /index.php --------------------------------
Warning: getimagesize(/home/ubuntu/workspace/images/theme/bootstrap/na.png): failed to open stream: No such file or directory, /home/ubuntu/workspace/includes/classes/smarty.gui.php @ 1287
17.11.2016 13:37 --- /index.php --------------------------------
Warning: getimagesize(/home/ubuntu/workspace/images/theme/bootstrap/na.png): failed to open stream: No such file or directory, /home/ubuntu/workspace/includes/classes/smarty.gui.php @ 1287
17.11.2016 13:45 --- /index.php --------------------------------
Warning: getimagesize(/home/ubuntu/workspace/images/theme/bootstrap/na.png): failed to open stream: No such file or directory, /home/ubuntu/workspace/includes/classes/smarty.gui.php @ 1287
17.11.2016 13:45 --- /index.php --------------------------------
Warning: getimagesize(/home/ubuntu/workspace/images/theme/bootstrap/na.png): failed to open stream: No such file or directory, /home/ubuntu/workspace/includes/classes/smarty.gui.php @ 1287
17.11.2016 13:45 --- /index.php --------------------------------
Warning: getimagesize(/home/ubuntu/workspace/images/theme/bootstrap/na.png): failed to open stream: No such file or directory, /home/ubuntu/workspace/includes/classes/smarty.gui.php @ 1287
17.11.2016 13:46 --- /index.php --------------------------------
Warning: getimagesize(/home/ubuntu/workspace/images/theme/bootstrap/na.png): failed to open stream: No such file or directory, /home/ubuntu/workspace/includes/classes/smarty.gui.php @ 1287
17.11.2016 13:46 --- /index.php --------------------------------
Warning: getimagesize(/home/ubuntu/workspace/images/theme/bootstrap/na.png): failed to open stream: No such file or directory, /home/ubuntu/workspace/includes/classes/smarty.gui.php @ 1287
17.11.2016 13:46 --- /index.php --------------------------------
Warning: getimagesize(/home/ubuntu/workspace/images/theme/bootstrap/na.png): failed to open stream: No such file or directory, /home/ubuntu/workspace/includes/classes/smarty.gui.php @ 1287
17.11.2016 13:46 --- /index.php --------------------------------
Warning: getimagesize(/home/ubuntu/workspace/images/theme/bootstrap/na.png): failed to open stream: No such file or directory, /home/ubuntu/workspace/includes/classes/smarty.gui.php @ 1287
17.11.2016 13:48 --- /index.php --------------------------------
Warning: getimagesize(/home/ubuntu/workspace/images/theme/bootstrap/na.png): failed to open stream: No such file or directory, /home/ubuntu/workspace/includes/classes/smarty.gui.php @ 1287
17.11.2016 13:48 --- /index.php --------------------------------
Warning: getimagesize(/home/ubuntu/workspace/images/theme/bootstrap/na.png): failed to open stream: No such file or directory, /home/ubuntu/workspace/includes/classes/smarty.gui.php @ 1287
17.11.2016 13:48 --- /index.php --------------------------------
Warning: getimagesize(/home/ubuntu/workspace/images/theme/bootstrap/na.png): failed to open stream: No such file or directory, /home/ubuntu/workspace/includes/classes/smarty.gui.php @ 1287
17.11.2016 13:49 --- /index.php --------------------------------
Warning: getimagesize(/home/ubuntu/workspace/images/theme/bootstrap/na.png): failed to open stream: No such file or directory, /home/ubuntu/workspace/includes/classes/smarty.gui.php @ 1287
17.11.2016 13:49 --- / --------------------------------
Warning: getimagesize(/home/ubuntu/workspace/images/theme/bootstrap/na.png): failed to open stream: No such file or directory, /home/ubuntu/workspace/includes/classes/smarty.gui.php @ 1287
17.11.2016 13:50 --- / --------------------------------
Warning: getimagesize(/home/ubuntu/workspace/images/theme/bootstrap/na.png): failed to open stream: No such file or directory, /home/ubuntu/workspace/includes/classes/smarty.gui.php @ 1287
17.11.2016 13:50 --- / --------------------------------
Warning: getimagesize(/home/ubuntu/workspace/images/theme/bootstrap/na.png): failed to open stream: No such file or directory, /home/ubuntu/workspace/includes/classes/smarty.gui.php @ 1287
17.11.2016 13:50 --- / --------------------------------
Warning: getimagesize(/home/ubuntu/workspace/images/theme/bootstrap/na.png): failed to open stream: No such file or directory, /home/ubuntu/workspace/includes/classes/smarty.gui.php @ 1287
17.11.2016 13:51 --- / --------------------------------
Warning: getimagesize(/home/ubuntu/workspace/images/theme/bootstrap/na.png): failed to open stream: No such file or directory, /home/ubuntu/workspace/includes/classes/smarty.gui.php @ 1287
17.11.2016 13:51 --- / --------------------------------
Warning: getimagesize(/home/ubuntu/workspace/images/theme/bootstrap/na.png): failed to open stream: No such file or directory, /home/ubuntu/workspace/includes/classes/smarty.gui.php @ 1287
17.11.2016 13:51 --- / --------------------------------
Warning: getimagesize(/home/ubuntu/workspace/images/theme/bootstrap/na.png): failed to open stream: No such file or directory, /home/ubuntu/workspace/includes/classes/smarty.gui.php @ 1287
17.11.2016 13:52 --- / --------------------------------
Warning: getimagesize(/home/ubuntu/workspace/images/theme/bootstrap/na.png): failed to open stream: No such file or directory, /home/ubuntu/workspace/includes/classes/smarty.gui.php @ 1287
17.11.2016 13:52 --- / --------------------------------
Warning: getimagesize(/home/ubuntu/workspace/images/theme/bootstrap/na.png): failed to open stream: No such file or directory, /home/ubuntu/workspace/includes/classes/smarty.gui.php @ 1287
17.11.2016 13:52 --- / --------------------------------
Warning: getimagesize(/home/ubuntu/workspace/images/theme/bootstrap/na.png): failed to open stream: No such file or directory, /home/ubuntu/workspace/includes/classes/smarty.gui.php @ 1287
17.11.2016 13:53 --- / --------------------------------
Warning: getimagesize(/home/ubuntu/workspace/images/theme/bootstrap/na.png): failed to open stream: No such file or directory, /home/ubuntu/workspace/includes/classes/smarty.gui.php @ 1287
17.11.2016 13:53 --- / --------------------------------
Warning: getimagesize(/home/ubuntu/workspace/images/theme/bootstrap/na.png): failed to open stream: No such file or directory, /home/ubuntu/workspace/includes/classes/smarty.gui.php @ 1287
17.11.2016 13:53 --- / --------------------------------
Warning: getimagesize(/home/ubuntu/workspace/images/theme/bootstrap/na.png): failed to open stream: No such file or directory, /home/ubuntu/workspace/includes/classes/smarty.gui.php @ 1287
17.11.2016 13:53 --- / --------------------------------
Warning: getimagesize(/home/ubuntu/workspace/images/theme/bootstrap/na.png): failed to open stream: No such file or directory, /home/ubuntu/workspace/includes/classes/smarty.gui.php @ 1287
17.11.2016 13:53 --- / --------------------------------
Warning: getimagesize(/home/ubuntu/workspace/images/theme/bootstrap/na.png): failed to open stream: No such file or directory, /home/ubuntu/workspace/includes/classes/smarty.gui.php @ 1287
17.11.2016 13:54 --- / --------------------------------
Warning: getimagesize(/home/ubuntu/workspace/images/theme/bootstrap/na.png): failed to open stream: No such file or directory, /home/ubuntu/workspace/includes/classes/smarty.gui.php @ 1287
17.11.2016 13:54 --- / --------------------------------
Warning: getimagesize(/home/ubuntu/workspace/images/theme/bootstrap/na.png): failed to open stream: No such file or directory, /home/ubuntu/workspace/includes/classes/smarty.gui.php @ 1287
17.11.2016 13:54 --- / --------------------------------
Warning: getimagesize(/home/ubuntu/workspace/images/theme/bootstrap/na.png): failed to open stream: No such file or directory, /home/ubuntu/workspace/includes/classes/smarty.gui.php @ 1287
17.11.2016 13:54 --- / --------------------------------
Warning: getimagesize(/home/ubuntu/workspace/images/theme/bootstrap/na.png): failed to open stream: No such file or directory, /home/ubuntu/workspace/includes/classes/smarty.gui.php @ 1287
17.11.2016 13:54 --- / --------------------------------
Warning: getimagesize(/home/ubuntu/workspace/images/theme/bootstrap/na.png): failed to open stream: No such file or directory, /home/ubuntu/workspace/includes/classes/smarty.gui.php @ 1287
17.11.2016 13:55 --- / --------------------------------
Warning: getimagesize(/home/ubuntu/workspace/images/theme/bootstrap/na.png): failed to open stream: No such file or directory, /home/ubuntu/workspace/includes/classes/smarty.gui.php @ 1287
17.11.2016 13:55 --- / --------------------------------
Warning: getimagesize(/home/ubuntu/workspace/images/theme/bootstrap/na.png): failed to open stream: No such file or directory, /home/ubuntu/workspace/includes/classes/smarty.gui.php @ 1287
17.11.2016 13:55 --- / --------------------------------
Warning: getimagesize(/home/ubuntu/workspace/images/theme/bootstrap/na.png): failed to open stream: No such file or directory, /home/ubuntu/workspace/includes/classes/smarty.gui.php @ 1287
17.11.2016 13:55 --- / --------------------------------
Warning: getimagesize(/home/ubuntu/workspace/images/theme/bootstrap/na.png): failed to open stream: No such file or directory, /home/ubuntu/workspace/includes/classes/smarty.gui.php @ 1287
17.11.2016 13:55 --- / --------------------------------
Warning: getimagesize(/home/ubuntu/workspace/images/theme/bootstrap/na.png): failed to open stream: No such file or directory, /home/ubuntu/workspace/includes/classes/smarty.gui.php @ 1287
17.11.2016 13:55 --- / --------------------------------
Warning: getimagesize(/home/ubuntu/workspace/images/theme/bootstrap/na.png): failed to open stream: No such file or directory, /home/ubuntu/workspace/includes/classes/smarty.gui.php @ 1287
17.11.2016 13:55 --- / --------------------------------
Warning: getimagesize(/home/ubuntu/workspace/images/theme/bootstrap/na.png): failed to open stream: No such file or directory, /home/ubuntu/workspace/includes/classes/smarty.gui.php @ 1287
17.11.2016 13:56 --- / --------------------------------
Warning: getimagesize(/home/ubuntu/workspace/images/theme/bootstrap/na.png): failed to open stream: No such file or directory, /home/ubuntu/workspace/includes/classes/smarty.gui.php @ 1287
17.11.2016 13:56 --- / --------------------------------
Warning: getimagesize(/home/ubuntu/workspace/images/theme/bootstrap/na.png): failed to open stream: No such file or directory, /home/ubuntu/workspace/includes/classes/smarty.gui.php @ 1287
17.11.2016 13:58 --- / --------------------------------
Warning: getimagesize(/home/ubuntu/workspace/images/theme/bootstrap/na.png): failed to open stream: No such file or directory, /home/ubuntu/workspace/includes/classes/smarty.gui.php @ 1287
17.11.2016 14:04 --- / --------------------------------
Warning: getimagesize(/home/ubuntu/workspace/images/theme/bootstrap/na.png): failed to open stream: No such file or directory, /home/ubuntu/workspace/includes/classes/smarty.gui.php @ 1287
17.11.2016 14:04 --- / --------------------------------
Warning: getimagesize(/home/ubuntu/workspace/images/theme/bootstrap/na.png): failed to open stream: No such file or directory, /home/ubuntu/workspace/includes/classes/smarty.gui.php @ 1287
17.11.2016 14:05 --- / --------------------------------
Warning: getimagesize(/home/ubuntu/workspace/images/theme/bootstrap/na.png): failed to open stream: No such file or directory, /home/ubuntu/workspace/includes/classes/smarty.gui.php @ 1287
17.11.2016 14:05 --- / --------------------------------
Warning: getimagesize(/home/ubuntu/workspace/images/theme/bootstrap/na.png): failed to open stream: No such file or directory, /home/ubuntu/workspace/includes/classes/smarty.gui.php @ 1287
17.11.2016 14:05 --- / --------------------------------
Warning: getimagesize(/home/ubuntu/workspace/images/theme/bootstrap/na.png): failed to open stream: No such file or directory, /home/ubuntu/workspace/includes/classes/smarty.gui.php @ 1287
17.11.2016 14:05 --- / --------------------------------
Warning: getimagesize(/home/ubuntu/workspace/images/theme/bootstrap/na.png): failed to open stream: No such file or directory, /home/ubuntu/workspace/includes/classes/smarty.gui.php @ 1287
17.11.2016 14:05 --- / --------------------------------
Warning: getimagesize(/home/ubuntu/workspace/images/theme/bootstrap/na.png): failed to open stream: No such file or directory, /home/ubuntu/workspace/includes/classes/smarty.gui.php @ 1287
17.11.2016 14:05 --- / --------------------------------
Warning: getimagesize(/home/ubuntu/workspace/images/theme/bootstrap/na.png): failed to open stream: No such file or directory, /home/ubuntu/workspace/includes/classes/smarty.gui.php @ 1287
17.11.2016 14:05 --- / --------------------------------
Warning: getimagesize(/home/ubuntu/workspace/images/theme/bootstrap/na.png): failed to open stream: No such file or directory, /home/ubuntu/workspace/includes/classes/smarty.gui.php @ 1287
17.11.2016 14:05 --- /programm.php --------------------------------
Warning: getimagesize(/home/ubuntu/workspace/images/theme/bootstrap/na.png): failed to open stream: No such file or directory, /home/ubuntu/workspace/includes/classes/smarty.gui.php @ 1287
17.11.2016 14:05 --- /programm.php --------------------------------
Warning: getimagesize(/home/ubuntu/workspace/images/theme/bootstrap/na.png): failed to open stream: No such file or directory, /home/ubuntu/workspace/includes/classes/smarty.gui.php @ 1287
17.11.2016 14:05 --- /programm.php --------------------------------
Warning: getimagesize(/home/ubuntu/workspace/images/theme/bootstrap/na.png): failed to open stream: No such file or directory, /home/ubuntu/workspace/includes/classes/smarty.gui.php @ 1287
17.11.2016 14:06 --- /programm.php --------------------------------
Warning: getimagesize(/home/ubuntu/workspace/images/theme/bootstrap/na.png): failed to open stream: No such file or directory, /home/ubuntu/workspace/includes/classes/smarty.gui.php @ 1287
17.11.2016 14:06 --- /programm.php --------------------------------
Warning: getimagesize(/home/ubuntu/workspace/images/theme/bootstrap/na.png): failed to open stream: No such file or directory, /home/ubuntu/workspace/includes/classes/smarty.gui.php @ 1287
17.11.2016 14:06 --- /programm.php --------------------------------
Warning: getimagesize(/home/ubuntu/workspace/images/theme/bootstrap/na.png): failed to open stream: No such file or directory, /home/ubuntu/workspace/includes/classes/smarty.gui.php @ 1287
17.11.2016 14:06 --- /programm.php --------------------------------
Warning: getimagesize(/home/ubuntu/workspace/images/theme/bootstrap/na.png): failed to open stream: No such file or directory, /home/ubuntu/workspace/includes/classes/smarty.gui.php @ 1287
17.11.2016 14:10 --- /programm.php --------------------------------
Warning: getimagesize(/home/ubuntu/workspace/images/theme/bootstrap/na.png): failed to open stream: No such file or directory, /home/ubuntu/workspace/includes/classes/smarty.gui.php @ 1287
17.11.2016 14:11 --- /index.php --------------------------------
Warning: getimagesize(/home/ubuntu/workspace/images/theme/bootstrap/na.png): failed to open stream: No such file or directory, /home/ubuntu/workspace/includes/classes/smarty.gui.php @ 1287
17.11.2016 14:13 --- /index.php --------------------------------
Warning: getimagesize(/home/ubuntu/workspace/images/theme/bootstrap/na.png): failed to open stream: No such file or directory, /home/ubuntu/workspace/includes/classes/smarty.gui.php @ 1287
17.11.2016 14:13 --- /index.php --------------------------------
Warning: getimagesize(/home/ubuntu/workspace/images/theme/bootstrap/na.png): failed to open stream: No such file or directory, /home/ubuntu/workspace/includes/classes/smarty.gui.php @ 1287
17.11.2016 14:14 --- /index.php --------------------------------
Warning: getimagesize(/home/ubuntu/workspace/images/theme/bootstrap/na.png): failed to open stream: No such file or directory, /home/ubuntu/workspace/includes/classes/smarty.gui.php @ 1287
17.11.2016 14:15 --- /index.php --------------------------------
Warning: getimagesize(/home/ubuntu/workspace/images/theme/bootstrap/na.png): failed to open stream: No such file or directory, /home/ubuntu/workspace/includes/classes/smarty.gui.php @ 1287
17.11.2016 14:15 --- /index.php --------------------------------
Warning: getimagesize(/home/ubuntu/workspace/images/theme/bootstrap/na.png): failed to open stream: No such file or directory, /home/ubuntu/workspace/includes/classes/smarty.gui.php @ 1287
17.11.2016 14:15 --- /index.php --------------------------------
Warning: getimagesize(/home/ubuntu/workspace/images/theme/bootstrap/na.png): failed to open stream: No such file or directory, /home/ubuntu/workspace/includes/classes/smarty.gui.php @ 1287
17.11.2016 14:19 --- /index.php --------------------------------
Warning: getimagesize(/home/ubuntu/workspace/images/theme/bootstrap/na.png): failed to open stream: No such file or directory, /home/ubuntu/workspace/includes/classes/smarty.gui.php @ 1287
17.11.2016 14:19 --- /index.php --------------------------------
Warning: getimagesize(/home/ubuntu/workspace/images/theme/bootstrap/na.png): failed to open stream: No such file or directory, /home/ubuntu/workspace/includes/classes/smarty.gui.php @ 1287
17.11.2016 14:26 --- /programm.php --------------------------------
Warning: getimagesize(/home/ubuntu/workspace/images/theme/bootstrap/na.png): failed to open stream: No such file or directory, /home/ubuntu/workspace/includes/classes/smarty.gui.php @ 1287
17.11.2016 14:28 --- /programm.php --------------------------------
Warning: getimagesize(/home/ubuntu/workspace/images/theme/bootstrap/na.png): failed to open stream: No such file or directory, /home/ubuntu/workspace/includes/classes/smarty.gui.php @ 1287
17.11.2016 14:28 --- /programm.php --------------------------------
Warning: getimagesize(/home/ubuntu/workspace/images/theme/bootstrap/na.png): failed to open stream: No such file or directory, /home/ubuntu/workspace/includes/classes/smarty.gui.php @ 1287
17.11.2016 14:28 --- /programm.php --------------------------------
Warning: getimagesize(/home/ubuntu/workspace/images/theme/bootstrap/na.png): failed to open stream: No such file or directory, /home/ubuntu/workspace/includes/classes/smarty.gui.php @ 1287
17.11.2016 14:28 --- /programm.php --------------------------------
Warning: getimagesize(/home/ubuntu/workspace/images/theme/bootstrap/na.png): failed to open stream: No such file or directory, /home/ubuntu/workspace/includes/classes/smarty.gui.php @ 1287
17.11.2016 14:28 --- /programm.php --------------------------------
Warning: getimagesize(/home/ubuntu/workspace/images/theme/bootstrap/na.png): failed to open stream: No such file or directory, /home/ubuntu/workspace/includes/classes/smarty.gui.php @ 1287
17.11.2016 14:30 --- /programm.php --------------------------------
Warning: getimagesize(/home/ubuntu/workspace/images/theme/bootstrap/na.png): failed to open stream: No such file or directory, /home/ubuntu/workspace/includes/classes/smarty.gui.php @ 1287
17.11.2016 14:30 --- /programm.php --------------------------------
Warning: getimagesize(/home/ubuntu/workspace/images/theme/bootstrap/na.png): failed to open stream: No such file or directory, /home/ubuntu/workspace/includes/classes/smarty.gui.php @ 1287
17.11.2016 14:30 --- /programm.php --------------------------------
Warning: getimagesize(/home/ubuntu/workspace/images/theme/bootstrap/na.png): failed to open stream: No such file or directory, /home/ubuntu/workspace/includes/classes/smarty.gui.php @ 1287
17.11.2016 14:33 --- /programm.php --------------------------------
Warning: getimagesize(/home/ubuntu/workspace/images/theme/bootstrap/na.png): failed to open stream: No such file or directory, /home/ubuntu/workspace/includes/classes/smarty.gui.php @ 1287
17.11.2016 14:33 --- /programm.php --------------------------------
Warning: getimagesize(/home/ubuntu/workspace/images/theme/bootstrap/na.png): failed to open stream: No such file or directory, /home/ubuntu/workspace/includes/classes/smarty.gui.php @ 1287
17.11.2016 14:33 --- /programm.php --------------------------------
Warning: getimagesize(/home/ubuntu/workspace/images/theme/bootstrap/na.png): failed to open stream: No such file or directory, /home/ubuntu/workspace/includes/classes/smarty.gui.php @ 1287
17.11.2016 14:33 --- /programm.php --------------------------------
Warning: getimagesize(/home/ubuntu/workspace/images/theme/bootstrap/na.png): failed to open stream: No such file or directory, /home/ubuntu/workspace/includes/classes/smarty.gui.php @ 1287
17.11.2016 14:33 --- /programm.php --------------------------------
Warning: getimagesize(/home/ubuntu/workspace/images/theme/bootstrap/na.png): failed to open stream: No such file or directory, /home/ubuntu/workspace/includes/classes/smarty.gui.php @ 1287
17.11.2016 14:34 --- /programm.php --------------------------------
Warning: getimagesize(/home/ubuntu/workspace/images/theme/bootstrap/na.png): failed to open stream: No such file or directory, /home/ubuntu/workspace/includes/classes/smarty.gui.php @ 1287
17.11.2016 14:34 --- /programm.php --------------------------------
Warning: getimagesize(/home/ubuntu/workspace/images/theme/bootstrap/na.png): failed to open stream: No such file or directory, /home/ubuntu/workspace/includes/classes/smarty.gui.php @ 1287
17.11.2016 14:35 --- /programm.php --------------------------------
Warning: getimagesize(/home/ubuntu/workspace/images/theme/bootstrap/na.png): failed to open stream: No such file or directory, /home/ubuntu/workspace/includes/classes/smarty.gui.php @ 1287
17.11.2016 14:35 --- /programm.php --------------------------------
Warning: getimagesize(/home/ubuntu/workspace/images/theme/bootstrap/na.png): failed to open stream: No such file or directory, /home/ubuntu/workspace/includes/classes/smarty.gui.php @ 1287
17.11.2016 14:36 --- /programm.php --------------------------------
Warning: getimagesize(/home/ubuntu/workspace/images/theme/bootstrap/na.png): failed to open stream: No such file or directory, /home/ubuntu/workspace/includes/classes/smarty.gui.php @ 1287
17.11.2016 14:41 --- /programm.php --------------------------------
Warning: getimagesize(/home/ubuntu/workspace/images/theme/bootstrap/na.png): failed to open stream: No such file or directory, /home/ubuntu/workspace/includes/classes/smarty.gui.php @ 1287
17.11.2016 14:41 --- /programm.php --------------------------------
Warning: getimagesize(/home/ubuntu/workspace/images/theme/bootstrap/na.png): failed to open stream: No such file or directory, /home/ubuntu/workspace/includes/classes/smarty.gui.php @ 1287
17.11.2016 14:42 --- /programm.php --------------------------------
Warning: getimagesize(/home/ubuntu/workspace/images/theme/bootstrap/na.png): failed to open stream: No such file or directory, /home/ubuntu/workspace/includes/classes/smarty.gui.php @ 1287
17.11.2016 14:44 --- /programm.php --------------------------------
Warning: getimagesize(/home/ubuntu/workspace/images/theme/bootstrap/na.png): failed to open stream: No such file or directory, /home/ubuntu/workspace/includes/classes/smarty.gui.php @ 1287
17.11.2016 14:44 --- /programm.php --------------------------------
Warning: getimagesize(/home/ubuntu/workspace/images/theme/bootstrap/na.png): failed to open stream: No such file or directory, /home/ubuntu/workspace/includes/classes/smarty.gui.php @ 1287
17.11.2016 14:44 --- /programm.php --------------------------------
Warning: getimagesize(/home/ubuntu/workspace/images/theme/bootstrap/na.png): failed to open stream: No such file or directory, /home/ubuntu/workspace/includes/classes/smarty.gui.php @ 1287
17.11.2016 14:45 --- /programm.php --------------------------------
Warning: getimagesize(/home/ubuntu/workspace/images/theme/bootstrap/na.png): failed to open stream: No such file or directory, /home/ubuntu/workspace/includes/classes/smarty.gui.php @ 1287
17.11.2016 14:45 --- /programm.php --------------------------------
Warning: getimagesize(/home/ubuntu/workspace/images/theme/bootstrap/na.png): failed to open stream: No such file or directory, /home/ubuntu/workspace/includes/classes/smarty.gui.php @ 1287
17.11.2016 14:47 --- /programm.php --------------------------------
Warning: getimagesize(/home/ubuntu/workspace/images/theme/bootstrap/na.png): failed to open stream: No such file or directory, /home/ubuntu/workspace/includes/classes/smarty.gui.php @ 1287
17.11.2016 14:47 --- /programm.php --------------------------------
Warning: getimagesize(/home/ubuntu/workspace/images/theme/bootstrap/na.png): failed to open stream: No such file or directory, /home/ubuntu/workspace/includes/classes/smarty.gui.php @ 1287
17.11.2016 14:47 --- /programm.php --------------------------------
Warning: getimagesize(/home/ubuntu/workspace/images/theme/bootstrap/na.png): failed to open stream: No such file or directory, /home/ubuntu/workspace/includes/classes/smarty.gui.php @ 1287
17.11.2016 14:47 --- /programm.php --------------------------------
Warning: getimagesize(/home/ubuntu/workspace/images/theme/bootstrap/na.png): failed to open stream: No such file or directory, /home/ubuntu/workspace/includes/classes/smarty.gui.php @ 1287
17.11.2016 14:47 --- /programm.php --------------------------------
Warning: getimagesize(/home/ubuntu/workspace/images/theme/bootstrap/na.png): failed to open stream: No such file or directory, /home/ubuntu/workspace/includes/classes/smarty.gui.php @ 1287
17.11.2016 14:47 --- /programm.php --------------------------------
Warning: getimagesize(/home/ubuntu/workspace/images/theme/bootstrap/na.png): failed to open stream: No such file or directory, /home/ubuntu/workspace/includes/classes/smarty.gui.php @ 1287
17.11.2016 14:47 --- /programm.php --------------------------------
Warning: getimagesize(/home/ubuntu/workspace/images/theme/bootstrap/na.png): failed to open stream: No such file or directory, /home/ubuntu/workspace/includes/classes/smarty.gui.php @ 1287
17.11.2016 14:47 --- /programm.php --------------------------------
Warning: getimagesize(/home/ubuntu/workspace/images/theme/bootstrap/na.png): failed to open stream: No such file or directory, /home/ubuntu/workspace/includes/classes/smarty.gui.php @ 1287
17.11.2016 14:47 --- /programm.php --------------------------------
Warning: getimagesize(/home/ubuntu/workspace/images/theme/bootstrap/na.png): failed to open stream: No such file or directory, /home/ubuntu/workspace/includes/classes/smarty.gui.php @ 1287
17.11.2016 14:47 --- /programm.php --------------------------------
Warning: getimagesize(/home/ubuntu/workspace/images/theme/bootstrap/na.png): failed to open stream: No such file or directory, /home/ubuntu/workspace/includes/classes/smarty.gui.php @ 1287
17.11.2016 14:48 --- /programm.php --------------------------------
Warning: getimagesize(/home/ubuntu/workspace/images/theme/bootstrap/na.png): failed to open stream: No such file or directory, /home/ubuntu/workspace/includes/classes/smarty.gui.php @ 1287
17.11.2016 14:48 --- /programm.php --------------------------------
Warning: getimagesize(/home/ubuntu/workspace/images/theme/bootstrap/na.png): failed to open stream: No such file or directory, /home/ubuntu/workspace/includes/classes/smarty.gui.php @ 1287
17.11.2016 14:48 --- /programm.php --------------------------------
Warning: getimagesize(/home/ubuntu/workspace/images/theme/bootstrap/na.png): failed to open stream: No such file or directory, /home/ubuntu/workspace/includes/classes/smarty.gui.php @ 1287
17.11.2016 14:48 --- / --------------------------------
Warning: getimagesize(/home/ubuntu/workspace/images/theme/bootstrap/na.png): failed to open stream: No such file or directory, /home/ubuntu/workspace/includes/classes/smarty.gui.php @ 1287
17.11.2016 14:48 --- / --------------------------------
Warning: getimagesize(/home/ubuntu/workspace/images/theme/bootstrap/na.png): failed to open stream: No such file or directory, /home/ubuntu/workspace/includes/classes/smarty.gui.php @ 1287
17.11.2016 14:49 --- / --------------------------------
Warning: getimagesize(/home/ubuntu/workspace/images/theme/bootstrap/na.png): failed to open stream: No such file or directory, /home/ubuntu/workspace/includes/classes/smarty.gui.php @ 1287
17.11.2016 14:49 --- / --------------------------------
Warning: getimagesize(/home/ubuntu/workspace/images/theme/bootstrap/na.png): failed to open stream: No such file or directory, /home/ubuntu/workspace/includes/classes/smarty.gui.php @ 1287
17.11.2016 14:51 --- / --------------------------------
Warning: getimagesize(/home/ubuntu/workspace/images/theme/bootstrap/na.png): failed to open stream: No such file or directory, /home/ubuntu/workspace/includes/classes/smarty.gui.php @ 1287
17.11.2016 14:52 --- /programm.php --------------------------------
Warning: getimagesize(/home/ubuntu/workspace/images/theme/bootstrap/na.png): failed to open stream: No such file or directory, /home/ubuntu/workspace/includes/classes/smarty.gui.php @ 1287
17.11.2016 15:04 --- /programm.php --------------------------------
Warning: getimagesize(/home/ubuntu/workspace/images/theme/bootstrap/na.png): failed to open stream: No such file or directory, /home/ubuntu/workspace/includes/classes/smarty.gui.php @ 1287
17.11.2016 15:04 --- /index.php?event_id=4 --------------------------------
Warning: getimagesize(/home/ubuntu/workspace/images/theme/bootstrap/na.png): failed to open stream: No such file or directory, /home/ubuntu/workspace/includes/classes/smarty.gui.php @ 1287
17.11.2016 15:06 --- /index.php?event_id=4&amp;action=buy --------------------------------
Warning: getimagesize(/home/ubuntu/workspace/images/theme/bootstrap/na.png): failed to open stream: No such file or directory, /home/ubuntu/workspace/includes/classes/smarty.gui.php @ 1287
17.11.2016 15:06 --- /index.php --------------------------------
Warning: getimagesize(/home/ubuntu/workspace/images/theme/bootstrap/na.png): failed to open stream: No such file or directory, /home/ubuntu/workspace/includes/classes/smarty.gui.php @ 1287
17.11.2016 15:06 --- /index.php --------------------------------
Warning: getimagesize(/home/ubuntu/workspace/images/theme/bootstrap/na.png): failed to open stream: No such file or directory, /home/ubuntu/workspace/includes/classes/smarty.gui.php @ 1287
17.11.2016 15:09 --- /index.php --------------------------------
Warning: getimagesize(/home/ubuntu/workspace/images/theme/bootstrap/na.png): failed to open stream: No such file or directory, /home/ubuntu/workspace/includes/classes/smarty.gui.php @ 1287
17.11.2016 15:09 --- /index.php --------------------------------
Warning: getimagesize(/home/ubuntu/workspace/images/theme/bootstrap/na.png): failed to open stream: No such file or directory, /home/ubuntu/workspace/includes/classes/smarty.gui.php @ 1287
17.11.2016 15:09 --- /index.php --------------------------------
Warning: getimagesize(/home/ubuntu/workspace/images/theme/bootstrap/na.png): failed to open stream: No such file or directory, /home/ubuntu/workspace/includes/classes/smarty.gui.php @ 1287
17.11.2016 15:09 --- /index.php --------------------------------
Warning: getimagesize(/home/ubuntu/workspace/images/theme/bootstrap/na.png): failed to open stream: No such file or directory, /home/ubuntu/workspace/includes/classes/smarty.gui.php @ 1287
17.11.2016 15:09 --- /index.php --------------------------------
Warning: getimagesize(/home/ubuntu/workspace/images/theme/bootstrap/na.png): failed to open stream: No such file or directory, /home/ubuntu/workspace/includes/classes/smarty.gui.php @ 1287
17.11.2016 15:10 --- /index.php --------------------------------
Warning: getimagesize(/home/ubuntu/workspace/images/theme/bootstrap/na.png): failed to open stream: No such file or directory, /home/ubuntu/workspace/includes/classes/smarty.gui.php @ 1287
17.11.2016 15:10 --- /index.php --------------------------------
Warning: getimagesize(/home/ubuntu/workspace/images/theme/bootstrap/na.png): failed to open stream: No such file or directory, /home/ubuntu/workspace/includes/classes/smarty.gui.php @ 1287
17.11.2016 15:10 --- /index.php --------------------------------
Warning: getimagesize(/home/ubuntu/workspace/images/theme/bootstrap/na.png): failed to open stream: No such file or directory, /home/ubuntu/workspace/includes/classes/smarty.gui.php @ 1287
17.11.2016 15:15 --- /index.php --------------------------------
Warning: getimagesize(/home/ubuntu/workspace/images/theme/bootstrap/na.png): failed to open stream: No such file or directory, /home/ubuntu/workspace/includes/classes/smarty.gui.php @ 1287
17.11.2016 15:15 --- /index.php --------------------------------
Warning: getimagesize(/home/ubuntu/workspace/images/theme/bootstrap/na.png): failed to open stream: No such file or directory, /home/ubuntu/workspace/includes/classes/smarty.gui.php @ 1287
17.11.2016 15:15 --- /index.php --------------------------------
Warning: getimagesize(/home/ubuntu/workspace/images/theme/bootstrap/na.png): failed to open stream: No such file or directory, /home/ubuntu/workspace/includes/classes/smarty.gui.php @ 1287
17.11.2016 15:15 --- /index.php --------------------------------
Warning: getimagesize(/home/ubuntu/workspace/images/theme/bootstrap/na.png): failed to open stream: No such file or directory, /home/ubuntu/workspace/includes/classes/smarty.gui.php @ 1287
17.11.2016 15:16 --- /index.php --------------------------------
Warning: getimagesize(/home/ubuntu/workspace/images/theme/bootstrap/na.png): failed to open stream: No such file or directory, /home/ubuntu/workspace/includes/classes/smarty.gui.php @ 1287
17.11.2016 15:16 --- /index.php --------------------------------
Warning: getimagesize(/home/ubuntu/workspace/images/theme/bootstrap/na.png): failed to open stream: No such file or directory, /home/ubuntu/workspace/includes/classes/smarty.gui.php @ 1287
17.11.2016 15:16 --- /index.php --------------------------------
Warning: getimagesize(/home/ubuntu/workspace/images/theme/bootstrap/na.png): failed to open stream: No such file or directory, /home/ubuntu/workspace/includes/classes/smarty.gui.php @ 1287
17.11.2016 15:17 --- /index.php --------------------------------
Warning: getimagesize(/home/ubuntu/workspace/images/theme/bootstrap/na.png): failed to open stream: No such file or directory, /home/ubuntu/workspace/includes/classes/smarty.gui.php @ 1287
17.11.2016 15:17 --- /index.php --------------------------------
Warning: getimagesize(/home/ubuntu/workspace/images/theme/bootstrap/na.png): failed to open stream: No such file or directory, /home/ubuntu/workspace/includes/classes/smarty.gui.php @ 1287
17.11.2016 15:17 --- /index.php --------------------------------
Warning: getimagesize(/home/ubuntu/workspace/images/theme/bootstrap/na.png): failed to open stream: No such file or directory, /home/ubuntu/workspace/includes/classes/smarty.gui.php @ 1287
17.11.2016 15:17 --- / --------------------------------
Warning: getimagesize(/home/ubuntu/workspace/images/theme/bootstrap/na.png): failed to open stream: No such file or directory, /home/ubuntu/workspace/includes/classes/smarty.gui.php @ 1287
17.11.2016 15:17 --- /programm.php --------------------------------
Warning: getimagesize(/home/ubuntu/workspace/images/theme/bootstrap/na.png): failed to open stream: No such file or directory, /home/ubuntu/workspace/includes/classes/smarty.gui.php @ 1287
17.11.2016 15:19 --- /programm.php --------------------------------
Warning: getimagesize(/home/ubuntu/workspace/images/theme/bootstrap/na.png): failed to open stream: No such file or directory, /home/ubuntu/workspace/includes/classes/smarty.gui.php @ 1287
17.11.2016 15:19 --- /programm.php --------------------------------
Warning: getimagesize(/home/ubuntu/workspace/images/theme/bootstrap/na.png): failed to open stream: No such file or directory, /home/ubuntu/workspace/includes/classes/smarty.gui.php @ 1287
17.11.2016 15:20 --- /index.php --------------------------------
Warning: getimagesize(/home/ubuntu/workspace/images/theme/bootstrap/na.png): failed to open stream: No such file or directory, /home/ubuntu/workspace/includes/classes/smarty.gui.php @ 1287
17.11.2016 15:20 --- /index.php --------------------------------
Warning: getimagesize(/home/ubuntu/workspace/images/theme/bootstrap/na.png): failed to open stream: No such file or directory, /home/ubuntu/workspace/includes/classes/smarty.gui.php @ 1287
17.11.2016 15:21 --- /index.php --------------------------------
Warning: getimagesize(/home/ubuntu/workspace/images/theme/bootstrap/na.png): failed to open stream: No such file or directory, /home/ubuntu/workspace/includes/classes/smarty.gui.php @ 1287
17.11.2016 15:21 --- /index.php --------------------------------
Warning: getimagesize(/home/ubuntu/workspace/images/theme/bootstrap/na.png): failed to open stream: No such file or directory, /home/ubuntu/workspace/includes/classes/smarty.gui.php @ 1287
17.11.2016 15:21 --- /index.php --------------------------------
Warning: getimagesize(/home/ubuntu/workspace/images/theme/bootstrap/na.png): failed to open stream: No such file or directory, /home/ubuntu/workspace/includes/classes/smarty.gui.php @ 1287
17.11.2016 15:25 --- /index.php --------------------------------
Warning: getimagesize(/home/ubuntu/workspace/images/theme/bootstrap/na.png): failed to open stream: No such file or directory, /home/ubuntu/workspace/includes/classes/smarty.gui.php @ 1287
17.11.2016 15:25 --- /index.php --------------------------------
Warning: getimagesize(/home/ubuntu/workspace/images/theme/bootstrap/na.png): failed to open stream: No such file or directory, /home/ubuntu/workspace/includes/classes/smarty.gui.php @ 1287
17.11.2016 15:27 --- /index.php --------------------------------
Warning: getimagesize(/home/ubuntu/workspace/images/theme/bootstrap/na.png): failed to open stream: No such file or directory, /home/ubuntu/workspace/includes/classes/smarty.gui.php @ 1287
17.11.2016 15:33 --- /index.php --------------------------------
Warning: getimagesize(/home/ubuntu/workspace/images/theme/bootstrap/na.png): failed to open stream: No such file or directory, /home/ubuntu/workspace/includes/classes/smarty.gui.php @ 1287
17.11.2016 15:33 --- /index.php --------------------------------
Warning: getimagesize(/home/ubuntu/workspace/images/theme/bootstrap/na.png): failed to open stream: No such file or directory, /home/ubuntu/workspace/includes/classes/smarty.gui.php @ 1287
17.11.2016 15:43 --- / --------------------------------
Warning: getimagesize(/home/ubuntu/workspace/images/theme/bootstrap/na.png): failed to open stream: No such file or directory, /home/ubuntu/workspace/includes/classes/smarty.gui.php @ 1287
17.11.2016 15:43 --- / --------------------------------
Warning: getimagesize(/home/ubuntu/workspace/images/theme/bootstrap/na.png): failed to open stream: No such file or directory, /home/ubuntu/workspace/includes/classes/smarty.gui.php @ 1287
17.11.2016 15:43 --- / --------------------------------
Warning: getimagesize(/home/ubuntu/workspace/images/theme/bootstrap/na.png): failed to open stream: No such file or directory, /home/ubuntu/workspace/includes/classes/smarty.gui.php @ 1287
17.11.2016 15:43 --- / --------------------------------
Warning: getimagesize(/home/ubuntu/workspace/images/theme/bootstrap/na.png): failed to open stream: No such file or directory, /home/ubuntu/workspace/includes/classes/smarty.gui.php @ 1287
17.11.2016 15:43 --- / --------------------------------
Warning: getimagesize(/home/ubuntu/workspace/images/theme/bootstrap/na.png): failed to open stream: No such file or directory, /home/ubuntu/workspace/includes/classes/smarty.gui.php @ 1287
17.11.2016 15:43 --- / --------------------------------
Warning: getimagesize(/home/ubuntu/workspace/images/theme/bootstrap/na.png): failed to open stream: No such file or directory, /home/ubuntu/workspace/includes/classes/smarty.gui.php @ 1287
17.11.2016 15:44 --- / --------------------------------
Warning: getimagesize(/home/ubuntu/workspace/images/theme/bootstrap/na.png): failed to open stream: No such file or directory, /home/ubuntu/workspace/includes/classes/smarty.gui.php @ 1287
17.11.2016 15:44 --- / --------------------------------
Warning: getimagesize(/home/ubuntu/workspace/images/theme/bootstrap/na.png): failed to open stream: No such file or directory, /home/ubuntu/workspace/includes/classes/smarty.gui.php @ 1287
17.11.2016 15:44 --- / --------------------------------
Warning: getimagesize(/home/ubuntu/workspace/images/theme/bootstrap/na.png): failed to open stream: No such file or directory, /home/ubuntu/workspace/includes/classes/smarty.gui.php @ 1287
17.11.2016 15:44 --- / --------------------------------
Warning: getimagesize(/home/ubuntu/workspace/images/theme/bootstrap/na.png): failed to open stream: No such file or directory, /home/ubuntu/workspace/includes/classes/smarty.gui.php @ 1287
17.11.2016 15:44 --- / --------------------------------
Warning: getimagesize(/home/ubuntu/workspace/images/theme/bootstrap/na.png): failed to open stream: No such file or directory, /home/ubuntu/workspace/includes/classes/smarty.gui.php @ 1287
17.11.2016 15:44 --- / --------------------------------
Warning: getimagesize(/home/ubuntu/workspace/images/theme/bootstrap/na.png): failed to open stream: No such file or directory, /home/ubuntu/workspace/includes/classes/smarty.gui.php @ 1287
17.11.2016 15:44 --- / --------------------------------
Warning: getimagesize(/home/ubuntu/workspace/images/theme/bootstrap/na.png): failed to open stream: No such file or directory, /home/ubuntu/workspace/includes/classes/smarty.gui.php @ 1287
17.11.2016 15:45 --- / --------------------------------
Warning: getimagesize(/home/ubuntu/workspace/images/theme/bootstrap/na.png): failed to open stream: No such file or directory, /home/ubuntu/workspace/includes/classes/smarty.gui.php @ 1287
17.11.2016 15:45 --- / --------------------------------
Warning: getimagesize(/home/ubuntu/workspace/images/theme/bootstrap/na.png): failed to open stream: No such file or directory, /home/ubuntu/workspace/includes/classes/smarty.gui.php @ 1287
17.11.2016 15:45 --- / --------------------------------
Warning: getimagesize(/home/ubuntu/workspace/images/theme/bootstrap/na.png): failed to open stream: No such file or directory, /home/ubuntu/workspace/includes/classes/smarty.gui.php @ 1287
17.11.2016 15:46 --- / --------------------------------
Warning: getimagesize(/home/ubuntu/workspace/images/theme/bootstrap/na.png): failed to open stream: No such file or directory, /home/ubuntu/workspace/includes/classes/smarty.gui.php @ 1287
17.11.2016 15:47 --- / --------------------------------
Warning: getimagesize(/home/ubuntu/workspace/images/theme/bootstrap/na.png): failed to open stream: No such file or directory, /home/ubuntu/workspace/includes/classes/smarty.gui.php @ 1287
17.11.2016 15:47 --- / --------------------------------
Warning: getimagesize(/home/ubuntu/workspace/images/theme/bootstrap/na.png): failed to open stream: No such file or directory, /home/ubuntu/workspace/includes/classes/smarty.gui.php @ 1287
17.11.2016 15:47 --- / --------------------------------
Warning: getimagesize(/home/ubuntu/workspace/images/theme/bootstrap/na.png): failed to open stream: No such file or directory, /home/ubuntu/workspace/includes/classes/smarty.gui.php @ 1287
17.11.2016 15:47 --- / --------------------------------
Warning: getimagesize(/home/ubuntu/workspace/images/theme/bootstrap/na.png): failed to open stream: No such file or directory, /home/ubuntu/workspace/includes/classes/smarty.gui.php @ 1287
17.11.2016 15:47 --- / --------------------------------
Warning: getimagesize(/home/ubuntu/workspace/images/theme/bootstrap/na.png): failed to open stream: No such file or directory, /home/ubuntu/workspace/includes/classes/smarty.gui.php @ 1287
17.11.2016 15:47 --- / --------------------------------
Warning: getimagesize(/home/ubuntu/workspace/images/theme/bootstrap/na.png): failed to open stream: No such file or directory, /home/ubuntu/workspace/includes/classes/smarty.gui.php @ 1287
17.11.2016 15:47 --- / --------------------------------
Warning: getimagesize(/home/ubuntu/workspace/images/theme/bootstrap/na.png): failed to open stream: No such file or directory, /home/ubuntu/workspace/includes/classes/smarty.gui.php @ 1287
17.11.2016 15:47 --- / --------------------------------
Warning: getimagesize(/home/ubuntu/workspace/images/theme/bootstrap/na.png): failed to open stream: No such file or directory, /home/ubuntu/workspace/includes/classes/smarty.gui.php @ 1287
17.11.2016 15:47 --- / --------------------------------
Warning: getimagesize(/home/ubuntu/workspace/images/theme/bootstrap/na.png): failed to open stream: No such file or directory, /home/ubuntu/workspace/includes/classes/smarty.gui.php @ 1287
17.11.2016 15:47 --- / --------------------------------
Warning: getimagesize(/home/ubuntu/workspace/images/theme/bootstrap/na.png): failed to open stream: No such file or directory, /home/ubuntu/workspace/includes/classes/smarty.gui.php @ 1287
17.11.2016 15:47 --- / --------------------------------
Warning: getimagesize(/home/ubuntu/workspace/images/theme/bootstrap/na.png): failed to open stream: No such file or directory, /home/ubuntu/workspace/includes/classes/smarty.gui.php @ 1287
17.11.2016 15:47 --- / --------------------------------
Warning: getimagesize(/home/ubuntu/workspace/images/theme/bootstrap/na.png): failed to open stream: No such file or directory, /home/ubuntu/workspace/includes/classes/smarty.gui.php @ 1287
17.11.2016 15:47 --- / --------------------------------
Warning: getimagesize(/home/ubuntu/workspace/images/theme/bootstrap/na.png): failed to open stream: No such file or directory, /home/ubuntu/workspace/includes/classes/smarty.gui.php @ 1287
17.11.2016 15:48 --- / --------------------------------
Warning: getimagesize(/home/ubuntu/workspace/images/theme/bootstrap/na.png): failed to open stream: No such file or directory, /home/ubuntu/workspace/includes/classes/smarty.gui.php @ 1287
17.11.2016 15:49 --- / --------------------------------
Warning: getimagesize(/home/ubuntu/workspace/images/theme/bootstrap/na.png): failed to open stream: No such file or directory, /home/ubuntu/workspace/includes/classes/smarty.gui.php @ 1287
17.11.2016 15:50 --- / --------------------------------
Warning: getimagesize(/home/ubuntu/workspace/images/theme/bootstrap/na.png): failed to open stream: No such file or directory, /home/ubuntu/workspace/includes/classes/smarty.gui.php @ 1287
17.11.2016 15:50 --- /index.php?event_id=4 --------------------------------
Warning: getimagesize(/home/ubuntu/workspace/images/theme/bootstrap/na.png): failed to open stream: No such file or directory, /home/ubuntu/workspace/includes/classes/smarty.gui.php @ 1287
17.11.2016 15:50 --- /index.php?event_id=4&amp;action=buy --------------------------------
Warning: getimagesize(/home/ubuntu/workspace/images/theme/bootstrap/na.png): failed to open stream: No such file or directory, /home/ubuntu/workspace/includes/classes/smarty.gui.php @ 1287
17.11.2016 15:50 --- /index.php --------------------------------
Warning: getimagesize(/home/ubuntu/workspace/images/theme/bootstrap/na.png): failed to open stream: No such file or directory, /home/ubuntu/workspace/includes/classes/smarty.gui.php @ 1287
17.11.2016 17:18 --- / --------------------------------
Warning: getimagesize(/home/ubuntu/workspace/images/theme/bootstrap/na.png): failed to open stream: No such file or directory, /home/ubuntu/workspace/includes/classes/smarty.gui.php @ 1287
17.11.2016 17:18 --- / --------------------------------
Warning: getimagesize(/home/ubuntu/workspace/images/theme/bootstrap/na.png): failed to open stream: No such file or directory, /home/ubuntu/workspace/includes/classes/smarty.gui.php @ 1287
17.11.2016 17:19 --- / --------------------------------
Warning: getimagesize(/home/ubuntu/workspace/images/theme/bootstrap/na.png): failed to open stream: No such file or directory, /home/ubuntu/workspace/includes/classes/smarty.gui.php @ 1287
17.11.2016 17:20 --- / --------------------------------
Warning: getimagesize(/home/ubuntu/workspace/images/theme/bootstrap/na.png): failed to open stream: No such file or directory, /home/ubuntu/workspace/includes/classes/smarty.gui.php @ 1287
