2016-12-15T16:02:43-05:00 : ErrorLog: http://fusiontix-blubytes1.c9users.io/pos//pos/index.php []
/pos/index.php []
====================================================================
=> model.plugin.php 108:
select * from `plugins`
              where plugin_enabled=1
              order by plugin_priority, plugin_name 
=> class.shopdb.php 283:
SELECT UNIX_TIMESTAMP() as current_db_time
=> model.plugin.php 108:
select * from `plugins`
              where plugin_enabled=1
              order by plugin_priority, plugin_name 
=> model.plugin.php 108:
select * from `plugins`
              where plugin_enabled=1
              order by plugin_priority, plugin_name 
=> model.plugin.php 108:
select * from `plugins`
              where plugin_enabled=1
              order by plugin_priority, plugin_name 

2016-12-15T16:02:43-05:00 : ErrorLog: http://fusiontix-blubytes1.c9users.io/pos//pos/index.php []
/pos/index.php []
====================================================================
=> model.plugin.php 108:
select * from `plugins`
              where plugin_enabled=1
              order by plugin_priority, plugin_name 
=> class.shopdb.php 283:
SELECT UNIX_TIMESTAMP() as current_db_time
=> model.plugin.php 108:
select * from `plugins`
              where plugin_enabled=1
              order by plugin_priority, plugin_name 
=> model.plugin.php 108:
select * from `plugins`
              where plugin_enabled=1
              order by plugin_priority, plugin_name 
=> model.plugin.php 108:
select * from `plugins`
              where plugin_enabled=1
              order by plugin_priority, plugin_name 
=> model.plugin.php 108:
select * from `plugins`
              where plugin_enabled=1
              order by plugin_priority, plugin_name 
End of shop 



2016-12-15T16:02:43-05:00 : ErrorLog: http://fusiontix-blubytes1.c9users.io/pos//pos/view.php []
/pos/view.php []
====================================================================
=> model.plugin.php 108:
select * from `plugins`
              where plugin_enabled=1
              order by plugin_priority, plugin_name 
=> class.shopdb.php 283:
SELECT UNIX_TIMESTAMP() as current_db_time
=> model.plugin.php 108:
select * from `plugins`
              where plugin_enabled=1
              order by plugin_priority, plugin_name 
=> model.plugin.php 108:
select * from `plugins`
              where plugin_enabled=1
              order by plugin_priority, plugin_name 
=> model.plugin.php 108:
select * from `plugins`
              where plugin_enabled=1
              order by plugin_priority, plugin_name 

2016-12-15T16:02:43-05:00 : ErrorLog: http://fusiontix-blubytes1.c9users.io/pos//pos/view.php []
/pos/view.php []
====================================================================
=> model.plugin.php 108:
select * from `plugins`
              where plugin_enabled=1
              order by plugin_priority, plugin_name 
=> class.shopdb.php 283:
SELECT UNIX_TIMESTAMP() as current_db_time
=> model.plugin.php 108:
select * from `plugins`
              where plugin_enabled=1
              order by plugin_priority, plugin_name 
=> model.plugin.php 108:
select * from `plugins`
              where plugin_enabled=1
              order by plugin_priority, plugin_name 
=> model.plugin.php 108:
select * from `plugins`
              where plugin_enabled=1
              order by plugin_priority, plugin_name 
=> model.plugin.php 108:
select * from `plugins`
              where plugin_enabled=1
              order by plugin_priority, plugin_name 
End of shop 



2016-12-15T16:02:46-05:00 : ErrorLog: http://fusiontix-blubytes1.c9users.io/pos//pos/index.php []
/pos/index.php []
====================================================================
=> model.plugin.php 108:
select * from `plugins`
              where plugin_enabled=1
              order by plugin_priority, plugin_name 
=> class.shopdb.php 283:
SELECT UNIX_TIMESTAMP() as current_db_time
=> model.plugin.php 108:
select * from `plugins`
              where plugin_enabled=1
              order by plugin_priority, plugin_name 
=> model.plugin.php 108:
select * from `plugins`
              where plugin_enabled=1
              order by plugin_priority, plugin_name 
=> model.plugin.php 108:
select * from `plugins`
              where plugin_enabled=1
              order by plugin_priority, plugin_name 

2016-12-15T16:02:46-05:00 : ErrorLog: http://fusiontix-blubytes1.c9users.io/pos//pos/index.php []
/pos/index.php []
====================================================================
=> model.plugin.php 108:
select * from `plugins`
              where plugin_enabled=1
              order by plugin_priority, plugin_name 
=> class.shopdb.php 283:
SELECT UNIX_TIMESTAMP() as current_db_time
=> model.plugin.php 108:
select * from `plugins`
              where plugin_enabled=1
              order by plugin_priority, plugin_name 
=> model.plugin.php 108:
select * from `plugins`
              where plugin_enabled=1
              order by plugin_priority, plugin_name 
=> model.plugin.php 108:
select * from `plugins`
              where plugin_enabled=1
              order by plugin_priority, plugin_name 
=> model.plugin.php 108:
select * from `plugins`
              where plugin_enabled=1
              order by plugin_priority, plugin_name 
End of shop 



2016-12-15T16:02:54-05:00 : ErrorLog: http://fusiontix-blubytes1.c9users.io/pos//pos/index.php []
/pos/index.php []
====================================================================
=> model.plugin.php 108:
select * from `plugins`
              where plugin_enabled=1
              order by plugin_priority, plugin_name 
=> class.shopdb.php 283:
SELECT UNIX_TIMESTAMP() as current_db_time
=> model.plugin.php 108:
select * from `plugins`
              where plugin_enabled=1
              order by plugin_priority, plugin_name 
=> model.plugin.php 108:
select * from `plugins`
              where plugin_enabled=1
              order by plugin_priority, plugin_name 
=> model.plugin.php 108:
select * from `plugins`
              where plugin_enabled=1
              order by plugin_priority, plugin_name 
=> class.shopdb.php 283:
select admin_id, admin_password, admin_status
                  from Admin
                  where admin_login = 'demo_pos'
                  and   admin_inuse = 'Yes'
=> class.shopdb.php 283:
select *
              from Admin
              where admin_id = 2
=> class.shopdb.php 283:
select *
                  from User
                  where user_id = 2
=> model.plugin.php 108:
select * from `plugins`
              where plugin_enabled=1
              order by plugin_priority, plugin_name 
=> model.admin.php 243:
select adminlink_event_id from adminlink
                where adminlink_event_id is not null and adminlink_pos_id = 2
=> model.plugin.php 108:
select * from `plugins`
              where plugin_enabled=1
              order by plugin_priority, plugin_name 
=> block.handling.php 78:
select * FROM Handling h
            WHERE 1=1
             AND h.handling_alt_only='No' and handling_sale_mode LIKE '%sp%'
             
=> model.plugin.php 108:
select * from `plugins`
              where plugin_enabled=1
              order by plugin_priority, plugin_name 
End of shop 



2016-12-15T16:02:55-05:00 : ErrorLog: http://fusiontix-blubytes1.c9users.io/pos//pos/ajax.php [UserSearch]
/pos/ajax.php [UserSearch]
====================================================================
=> model.plugin.php 108:
select * from `plugins`
              where plugin_enabled=1
              order by plugin_priority, plugin_name 
=> class.shopdb.php 283:
SELECT UNIX_TIMESTAMP() as current_db_time
=> model.plugin.php 108:
select * from `plugins`
              where plugin_enabled=1
              order by plugin_priority, plugin_name 
=> model.plugin.php 108:
select * from `plugins`
              where plugin_enabled=1
              order by plugin_priority, plugin_name 
=> model.plugin.php 108:
select * from `plugins`
              where plugin_enabled=1
              order by plugin_priority, plugin_name 
=> class.shopdb.php 283:
select *
              from Admin
              where admin_id = 2
=> class.shopdb.php 283:
select *
                  from User
                  where user_id = 2
=> model.admin.php 243:
select adminlink_event_id from adminlink
                where adminlink_event_id is not null and adminlink_pos_id = 2
=> model.plugin.php 108:
select * from `plugins`
              where plugin_enabled=1
              order by plugin_priority, plugin_name 
=> class.shopdb.php 523:
SHOW COLUMNS FROM `User`
=> controller.pos.json.php 508:
SELECT user_id, CONCAT_WS(', ',user_lastname, user_firstname) AS user_data,
               	user_phone, user_city, user_email
			    	FROM `User`
        		WHERE (user_country like '%US%') 

End of shop 



2016-12-15T16:02:55-05:00 : ErrorLog: http://fusiontix-blubytes1.c9users.io/pos//pos/ajax.php [CartInfo]
/pos/ajax.php [CartInfo]
====================================================================
=> model.plugin.php 108:
select * from `plugins`
              where plugin_enabled=1
              order by plugin_priority, plugin_name 
=> class.shopdb.php 283:
SELECT UNIX_TIMESTAMP() as current_db_time
=> model.plugin.php 108:
select * from `plugins`
              where plugin_enabled=1
              order by plugin_priority, plugin_name 
=> model.plugin.php 108:
select * from `plugins`
              where plugin_enabled=1
              order by plugin_priority, plugin_name 
=> model.plugin.php 108:
select * from `plugins`
              where plugin_enabled=1
              order by plugin_priority, plugin_name 
=> class.shopdb.php 283:
select *
              from Admin
              where admin_id = 2
=> class.shopdb.php 283:
select *
                  from User
                  where user_id = 2
=> model.admin.php 243:
select adminlink_event_id from adminlink
                where adminlink_event_id is not null and adminlink_pos_id = 2
=> model.plugin.php 108:
select * from `plugins`
              where plugin_enabled=1
              order by plugin_priority, plugin_name 
=> model.plugin.php 108:
select * from `plugins`
              where plugin_enabled=1
              order by plugin_priority, plugin_name 
End of shop 



2016-12-15T16:02:55-05:00 : ErrorLog: http://fusiontix-blubytes1.c9users.io/pos//pos/ajax.php [events]
/pos/ajax.php [events]
====================================================================
=> model.plugin.php 108:
select * from `plugins`
              where plugin_enabled=1
              order by plugin_priority, plugin_name 
=> class.shopdb.php 283:
SELECT UNIX_TIMESTAMP() as current_db_time
=> model.plugin.php 108:
select * from `plugins`
              where plugin_enabled=1
              order by plugin_priority, plugin_name 
=> model.plugin.php 108:
select * from `plugins`
              where plugin_enabled=1
              order by plugin_priority, plugin_name 
=> model.plugin.php 108:
select * from `plugins`
              where plugin_enabled=1
              order by plugin_priority, plugin_name 
=> class.shopdb.php 283:
select *
              from Admin
              where admin_id = 2
=> class.shopdb.php 283:
select *
                  from User
                  where user_id = 2
=> model.admin.php 243:
select adminlink_event_id from adminlink
                where adminlink_event_id is not null and adminlink_pos_id = 2
=> model.plugin.php 108:
select * from `plugins`
              where plugin_enabled=1
              order by plugin_priority, plugin_name 
=> controller.pos.json.php 150:
SELECT  SQL_CALC_FOUND_ROWS *
				FROM Event left join Ort on ort_id = event_ort_id
				           left join PlaceMap2 on pm_id = event_pm_id
				where 1=1
				AND event_date >= '2016-12-15'
        AND (event_view_begin = '0000-00-00 00:00:00' OR (event_view_begin <= now()))
        and (event_view_end   = '0000-00-00 00:00:00' OR (event_view_end >= now()))
				and event_rep LIKE '%sub%'
				AND event_status = 'pub'
				AND event_free > 0
				and event_pm_id is not null
				and (select count(*) from Category c WHERE c.category_pos = 1	AND c.category_event_id = event_id) > 0
				
				ORDER BY event_date,event_time, event_name, event_id
=> class.shopdb.php 283:
SELECT FOUND_ROWS();
End of shop 



2016-12-15T16:03:06-05:00 : ErrorLog: http://fusiontix-blubytes1.c9users.io//index.php []
/index.php []
====================================================================
=> model.plugin.php 108:
select * from `plugins`
              where plugin_enabled=1
              order by plugin_priority, plugin_name 
=> class.shopdb.php 283:
SELECT UNIX_TIMESTAMP() as current_db_time
=> model.plugin.php 108:
select * from `plugins`
              where plugin_enabled=1
              order by plugin_priority, plugin_name 
=> model.plugin.php 108:
select * from `plugins`
              where plugin_enabled=1
              order by plugin_priority, plugin_name 
=> model.plugin.php 108:
select * from `plugins`
              where plugin_enabled=1
              order by plugin_priority, plugin_name 
=> model.plugin.php 108:
select * from `plugins`
              where plugin_enabled=1
              order by plugin_priority, plugin_name 
=> block.event.php 159:
select SQL_CALC_FOUND_ROWS Event.*, Ort.*, PlaceMap2.* from Event LEFT JOIN Ort ON ort_id=event_ort_id LEFT JOIN PlaceMap2 ON pm_event_id=event_id where event_status='pub' and event_date>='2016-12-15' and event_rep LIKE '%sub%' order by event_date, event_time limit 0,4
=> class.shopdb.php 283:
SELECT FOUND_ROWS();
=> model.plugin.php 108:
select * from `plugins`
              where plugin_enabled=1
              order by plugin_priority, plugin_name 
End of shop 



2016-12-15T16:03:32-05:00 : ErrorLog: http://fusiontix-blubytes1.c9users.io//index.php []
/index.php []
====================================================================
=> model.plugin.php 108:
select * from `plugins`
              where plugin_enabled=1
              order by plugin_priority, plugin_name 
=> class.shopdb.php 283:
SELECT UNIX_TIMESTAMP() as current_db_time
=> model.plugin.php 108:
select * from `plugins`
              where plugin_enabled=1
              order by plugin_priority, plugin_name 
=> model.plugin.php 108:
select * from `plugins`
              where plugin_enabled=1
              order by plugin_priority, plugin_name 
=> model.plugin.php 108:
select * from `plugins`
              where plugin_enabled=1
              order by plugin_priority, plugin_name 
=> model.plugin.php 108:
select * from `plugins`
              where plugin_enabled=1
              order by plugin_priority, plugin_name 
=> block.event.php 159:
select SQL_CALC_FOUND_ROWS Event.*, Ort.*, PlaceMap2.* from Event LEFT JOIN Ort ON ort_id=event_ort_id LEFT JOIN PlaceMap2 ON pm_event_id=event_id where event_status='pub' and event_date>='2016-12-15' and event_rep LIKE '%sub%' order by event_date, event_time limit 0,4
=> class.shopdb.php 283:
SELECT FOUND_ROWS();
=> model.plugin.php 108:
select * from `plugins`
              where plugin_enabled=1
              order by plugin_priority, plugin_name 
End of shop 



2016-12-15T16:03:36-05:00 : ErrorLog: http://fusiontix-blubytes1.c9users.io/pos//pos/view.php []
/pos/view.php []
====================================================================
=> model.plugin.php 108:
select * from `plugins`
              where plugin_enabled=1
              order by plugin_priority, plugin_name 
=> class.shopdb.php 283:
SELECT UNIX_TIMESTAMP() as current_db_time
=> model.plugin.php 108:
select * from `plugins`
              where plugin_enabled=1
              order by plugin_priority, plugin_name 
=> model.plugin.php 108:
select * from `plugins`
              where plugin_enabled=1
              order by plugin_priority, plugin_name 
=> model.plugin.php 108:
select * from `plugins`
              where plugin_enabled=1
              order by plugin_priority, plugin_name 
=> class.shopdb.php 283:
select *
              from Admin
              where admin_id = 2
=> class.shopdb.php 283:
select *
                  from User
                  where user_id = 2
=> model.admin.php 243:
select adminlink_event_id from adminlink
                where adminlink_event_id is not null and adminlink_pos_id = 2
=> model.plugin.php 108:
select * from `plugins`
              where plugin_enabled=1
              order by plugin_priority, plugin_name 
=> smarty.order.php 310:
SELECT SQL_CALC_FOUND_ROWS *  FROM `Order`   WHERE Order.order_status!='trash' AND Order.order_status IN ('res')  order by order_id desc 
=> class.shopdb.php 283:
Select FOUND_ROWS()
=> model.plugin.php 108:
select * from `plugins`
              where plugin_enabled=1
              order by plugin_priority, plugin_name 
End of shop 



2016-12-15T16:03:41-05:00 : ErrorLog: http://fusiontix-blubytes1.c9users.io/pos//pos/view.php [logout]
/pos/view.php [logout]
====================================================================
=> model.plugin.php 108:
select * from `plugins`
              where plugin_enabled=1
              order by plugin_priority, plugin_name 
=> class.shopdb.php 283:
SELECT UNIX_TIMESTAMP() as current_db_time
=> model.plugin.php 108:
select * from `plugins`
              where plugin_enabled=1
              order by plugin_priority, plugin_name 
=> model.plugin.php 108:
select * from `plugins`
              where plugin_enabled=1
              order by plugin_priority, plugin_name 
=> model.plugin.php 108:
select * from `plugins`
              where plugin_enabled=1
              order by plugin_priority, plugin_name 

2016-12-15T16:03:41-05:00 : ErrorLog: http://fusiontix-blubytes1.c9users.io/pos//pos/view.php [logout]
/pos/view.php [logout]
====================================================================
=> model.plugin.php 108:
select * from `plugins`
              where plugin_enabled=1
              order by plugin_priority, plugin_name 
=> class.shopdb.php 283:
SELECT UNIX_TIMESTAMP() as current_db_time
=> model.plugin.php 108:
select * from `plugins`
              where plugin_enabled=1
              order by plugin_priority, plugin_name 
=> model.plugin.php 108:
select * from `plugins`
              where plugin_enabled=1
              order by plugin_priority, plugin_name 
=> model.plugin.php 108:
select * from `plugins`
              where plugin_enabled=1
              order by plugin_priority, plugin_name 
=> model.plugin.php 108:
select * from `plugins`
              where plugin_enabled=1
              order by plugin_priority, plugin_name 
End of shop 



2016-12-15T16:03:43-05:00 : ErrorLog: http://fusiontix-blubytes1.c9users.io/pos//pos/index.php []
/pos/index.php []
====================================================================
=> model.plugin.php 108:
select * from `plugins`
              where plugin_enabled=1
              order by plugin_priority, plugin_name 
=> class.shopdb.php 283:
SELECT UNIX_TIMESTAMP() as current_db_time
=> model.plugin.php 108:
select * from `plugins`
              where plugin_enabled=1
              order by plugin_priority, plugin_name 
=> model.plugin.php 108:
select * from `plugins`
              where plugin_enabled=1
              order by plugin_priority, plugin_name 
=> model.plugin.php 108:
select * from `plugins`
              where plugin_enabled=1
              order by plugin_priority, plugin_name 

2016-12-15T16:03:43-05:00 : ErrorLog: http://fusiontix-blubytes1.c9users.io/pos//pos/index.php []
/pos/index.php []
====================================================================
=> model.plugin.php 108:
select * from `plugins`
              where plugin_enabled=1
              order by plugin_priority, plugin_name 
=> class.shopdb.php 283:
SELECT UNIX_TIMESTAMP() as current_db_time
=> model.plugin.php 108:
select * from `plugins`
              where plugin_enabled=1
              order by plugin_priority, plugin_name 
=> model.plugin.php 108:
select * from `plugins`
              where plugin_enabled=1
              order by plugin_priority, plugin_name 
=> model.plugin.php 108:
select * from `plugins`
              where plugin_enabled=1
              order by plugin_priority, plugin_name 
=> model.plugin.php 108:
select * from `plugins`
              where plugin_enabled=1
              order by plugin_priority, plugin_name 
End of shop 



2016-12-15T16:03:45-05:00 : ErrorLog: http://fusiontix-blubytes1.c9users.io//index.php []
/index.php []
====================================================================
=> model.plugin.php 108:
select * from `plugins`
              where plugin_enabled=1
              order by plugin_priority, plugin_name 
=> class.shopdb.php 283:
SELECT UNIX_TIMESTAMP() as current_db_time
=> model.plugin.php 108:
select * from `plugins`
              where plugin_enabled=1
              order by plugin_priority, plugin_name 
=> model.plugin.php 108:
select * from `plugins`
              where plugin_enabled=1
              order by plugin_priority, plugin_name 
=> model.plugin.php 108:
select * from `plugins`
              where plugin_enabled=1
              order by plugin_priority, plugin_name 
=> model.plugin.php 108:
select * from `plugins`
              where plugin_enabled=1
              order by plugin_priority, plugin_name 
=> block.event.php 159:
select SQL_CALC_FOUND_ROWS Event.*, Ort.*, PlaceMap2.* from Event LEFT JOIN Ort ON ort_id=event_ort_id LEFT JOIN PlaceMap2 ON pm_event_id=event_id where event_status='pub' and event_date>='2016-12-15' and event_rep LIKE '%sub%' order by event_date, event_time limit 0,4
=> class.shopdb.php 283:
SELECT FOUND_ROWS();
=> model.plugin.php 108:
select * from `plugins`
              where plugin_enabled=1
              order by plugin_priority, plugin_name 
End of shop 



2016-12-15T16:03:46-05:00 : ErrorLog: http://fusiontix-blubytes1.c9users.io//index.php []
/index.php []
====================================================================
=> model.plugin.php 108:
select * from `plugins`
              where plugin_enabled=1
              order by plugin_priority, plugin_name 
=> class.shopdb.php 283:
SELECT UNIX_TIMESTAMP() as current_db_time
=> model.plugin.php 108:
select * from `plugins`
              where plugin_enabled=1
              order by plugin_priority, plugin_name 
=> model.plugin.php 108:
select * from `plugins`
              where plugin_enabled=1
              order by plugin_priority, plugin_name 
=> model.plugin.php 108:
select * from `plugins`
              where plugin_enabled=1
              order by plugin_priority, plugin_name 
=> model.plugin.php 108:
select * from `plugins`
              where plugin_enabled=1
              order by plugin_priority, plugin_name 
=> block.event.php 159:
select SQL_CALC_FOUND_ROWS Event.*, Ort.*, PlaceMap2.* from Event LEFT JOIN Ort ON ort_id=event_ort_id LEFT JOIN PlaceMap2 ON pm_event_id=event_id where event_status='pub' and event_date>='2016-12-15' and event_rep LIKE '%sub%' order by event_date, event_time limit 0,4
=> class.shopdb.php 283:
SELECT FOUND_ROWS();
=> model.plugin.php 108:
select * from `plugins`
              where plugin_enabled=1
              order by plugin_priority, plugin_name 
End of shop 



2016-12-15T16:03:47-05:00 : ErrorLog: http://fusiontix-blubytes1.c9users.io//index.php []
/index.php []
====================================================================
=> model.plugin.php 108:
select * from `plugins`
              where plugin_enabled=1
              order by plugin_priority, plugin_name 
=> class.shopdb.php 283:
SELECT UNIX_TIMESTAMP() as current_db_time
=> model.plugin.php 108:
select * from `plugins`
              where plugin_enabled=1
              order by plugin_priority, plugin_name 
=> model.plugin.php 108:
select * from `plugins`
              where plugin_enabled=1
              order by plugin_priority, plugin_name 
=> model.plugin.php 108:
select * from `plugins`
              where plugin_enabled=1
              order by plugin_priority, plugin_name 
=> model.plugin.php 108:
select * from `plugins`
              where plugin_enabled=1
              order by plugin_priority, plugin_name 
=> block.event.php 159:
select SQL_CALC_FOUND_ROWS Event.*, Ort.*, PlaceMap2.* from Event LEFT JOIN Ort ON ort_id=event_ort_id LEFT JOIN PlaceMap2 ON pm_event_id=event_id where event_status='pub' and event_date>='2016-12-15' and event_rep LIKE '%sub%' order by event_date, event_time limit 0,4
=> class.shopdb.php 283:
SELECT FOUND_ROWS();
=> model.plugin.php 108:
select * from `plugins`
              where plugin_enabled=1
              order by plugin_priority, plugin_name 
End of shop 



2016-12-15T16:03:50-05:00 : ErrorLog: http://fusiontix-blubytes1.c9users.io//index.php []
/index.php []
====================================================================
=> model.plugin.php 108:
select * from `plugins`
              where plugin_enabled=1
              order by plugin_priority, plugin_name 
=> class.shopdb.php 283:
SELECT UNIX_TIMESTAMP() as current_db_time
=> model.plugin.php 108:
select * from `plugins`
              where plugin_enabled=1
              order by plugin_priority, plugin_name 
=> model.plugin.php 108:
select * from `plugins`
              where plugin_enabled=1
              order by plugin_priority, plugin_name 
=> model.plugin.php 108:
select * from `plugins`
              where plugin_enabled=1
              order by plugin_priority, plugin_name 
=> model.plugin.php 108:
select * from `plugins`
              where plugin_enabled=1
              order by plugin_priority, plugin_name 
=> block.event.php 159:
select SQL_CALC_FOUND_ROWS Event.*, Ort.*, PlaceMap2.* from Event LEFT JOIN Ort ON ort_id=event_ort_id LEFT JOIN PlaceMap2 ON pm_event_id=event_id where event_status='pub' and event_date>='2016-12-15' and event_rep LIKE '%sub%' order by event_date, event_time limit 0,4
=> class.shopdb.php 283:
SELECT FOUND_ROWS();
=> model.plugin.php 108:
select * from `plugins`
              where plugin_enabled=1
              order by plugin_priority, plugin_name 
End of shop 



2016-12-15T16:03:52-05:00 : ErrorLog: http://fusiontix-blubytes1.c9users.io//calendar.php []
/calendar.php []
====================================================================
=> model.plugin.php 108:
select * from `plugins`
              where plugin_enabled=1
              order by plugin_priority, plugin_name 
=> class.shopdb.php 283:
SELECT UNIX_TIMESTAMP() as current_db_time
=> model.plugin.php 108:
select * from `plugins`
              where plugin_enabled=1
              order by plugin_priority, plugin_name 
=> model.plugin.php 108:
select * from `plugins`
              where plugin_enabled=1
              order by plugin_priority, plugin_name 
=> model.plugin.php 108:
select * from `plugins`
              where plugin_enabled=1
              order by plugin_priority, plugin_name 
=> model.plugin.php 108:
select * from `plugins`
              where plugin_enabled=1
              order by plugin_priority, plugin_name 
=> block.event.php 159:
select SQL_CALC_FOUND_ROWS Event.*, Ort.*, PlaceMap2.* from Event LEFT JOIN Ort ON ort_id=event_ort_id LEFT JOIN PlaceMap2 ON pm_event_id=event_id where event_status='pub' and event_date>='2016-12-15' and event_rep LIKE '%sub%' order by event_date,event_time limit 0,15
=> class.shopdb.php 283:
SELECT FOUND_ROWS();
=> model.plugin.php 108:
select * from `plugins`
              where plugin_enabled=1
              order by plugin_priority, plugin_name 
End of shop 



2016-12-15T16:03:53-05:00 : ErrorLog: http://fusiontix-blubytes1.c9users.io//index.php []
/index.php []
====================================================================
=> model.plugin.php 108:
select * from `plugins`
              where plugin_enabled=1
              order by plugin_priority, plugin_name 
=> class.shopdb.php 283:
SELECT UNIX_TIMESTAMP() as current_db_time
=> model.plugin.php 108:
select * from `plugins`
              where plugin_enabled=1
              order by plugin_priority, plugin_name 
=> model.plugin.php 108:
select * from `plugins`
              where plugin_enabled=1
              order by plugin_priority, plugin_name 
=> model.plugin.php 108:
select * from `plugins`
              where plugin_enabled=1
              order by plugin_priority, plugin_name 
=> model.plugin.php 108:
select * from `plugins`
              where plugin_enabled=1
              order by plugin_priority, plugin_name 
=> block.event.php 159:
select SQL_CALC_FOUND_ROWS Event.*, Ort.*, PlaceMap2.* from Event LEFT JOIN Ort ON ort_id=event_ort_id LEFT JOIN PlaceMap2 ON pm_event_id=event_id where event_status='pub' and event_date>='2016-12-15' and event_rep LIKE '%sub%' order by event_date, event_time limit 0,4
=> class.shopdb.php 283:
SELECT FOUND_ROWS();
=> model.plugin.php 108:
select * from `plugins`
              where plugin_enabled=1
              order by plugin_priority, plugin_name 
End of shop 



2016-12-15T16:04:09-05:00 : ErrorLog: http://fusiontix-blubytes1.c9users.io//index.php []
/index.php []
====================================================================
=> model.plugin.php 108:
select * from `plugins`
              where plugin_enabled=1
              order by plugin_priority, plugin_name 
=> class.shopdb.php 283:
SELECT UNIX_TIMESTAMP() as current_db_time
=> model.plugin.php 108:
select * from `plugins`
              where plugin_enabled=1
              order by plugin_priority, plugin_name 
=> model.plugin.php 108:
select * from `plugins`
              where plugin_enabled=1
              order by plugin_priority, plugin_name 
=> model.plugin.php 108:
select * from `plugins`
              where plugin_enabled=1
              order by plugin_priority, plugin_name 
=> model.plugin.php 108:
select * from `plugins`
              where plugin_enabled=1
              order by plugin_priority, plugin_name 
=> block.event.php 159:
select SQL_CALC_FOUND_ROWS Event.*, Ort.*, PlaceMap2.* from Event LEFT JOIN Ort ON ort_id=event_ort_id LEFT JOIN PlaceMap2 ON pm_event_id=event_id where event_status='pub' and event_date>='2016-12-15' and event_rep LIKE '%sub%' order by event_date, event_time limit 0,4
=> class.shopdb.php 283:
SELECT FOUND_ROWS();
=> model.plugin.php 108:
select * from `plugins`
              where plugin_enabled=1
              order by plugin_priority, plugin_name 
End of shop 



2016-12-15T16:04:18-05:00 : ErrorLog: http://fusiontix-blubytes1.c9users.io//index.php []
/index.php []
====================================================================
=> model.plugin.php 108:
select * from `plugins`
              where plugin_enabled=1
              order by plugin_priority, plugin_name 
=> class.shopdb.php 283:
SELECT UNIX_TIMESTAMP() as current_db_time
=> model.plugin.php 108:
select * from `plugins`
              where plugin_enabled=1
              order by plugin_priority, plugin_name 
=> model.plugin.php 108:
select * from `plugins`
              where plugin_enabled=1
              order by plugin_priority, plugin_name 
=> model.plugin.php 108:
select * from `plugins`
              where plugin_enabled=1
              order by plugin_priority, plugin_name 
=> model.plugin.php 108:
select * from `plugins`
              where plugin_enabled=1
              order by plugin_priority, plugin_name 
=> block.event.php 159:
select SQL_CALC_FOUND_ROWS Event.*, Ort.*, PlaceMap2.* from Event LEFT JOIN Ort ON ort_id=event_ort_id LEFT JOIN PlaceMap2 ON pm_event_id=event_id where event_status='pub' and event_date>='2016-12-15' and event_rep LIKE '%sub%' order by event_date, event_time limit 0,4
=> class.shopdb.php 283:
SELECT FOUND_ROWS();
=> model.plugin.php 108:
select * from `plugins`
              where plugin_enabled=1
              order by plugin_priority, plugin_name 
End of shop 



2016-12-15T16:04:33-05:00 : ErrorLog: http://fusiontix-blubytes1.c9users.io/pos//pos/view.php []
/pos/view.php []
====================================================================
=> model.plugin.php 108:
select * from `plugins`
              where plugin_enabled=1
              order by plugin_priority, plugin_name 
=> class.shopdb.php 283:
SELECT UNIX_TIMESTAMP() as current_db_time
=> model.plugin.php 108:
select * from `plugins`
              where plugin_enabled=1
              order by plugin_priority, plugin_name 
=> model.plugin.php 108:
select * from `plugins`
              where plugin_enabled=1
              order by plugin_priority, plugin_name 
=> model.plugin.php 108:
select * from `plugins`
              where plugin_enabled=1
              order by plugin_priority, plugin_name 

2016-12-15T16:04:33-05:00 : ErrorLog: http://fusiontix-blubytes1.c9users.io/pos//pos/view.php []
/pos/view.php []
====================================================================
=> model.plugin.php 108:
select * from `plugins`
              where plugin_enabled=1
              order by plugin_priority, plugin_name 
=> class.shopdb.php 283:
SELECT UNIX_TIMESTAMP() as current_db_time
=> model.plugin.php 108:
select * from `plugins`
              where plugin_enabled=1
              order by plugin_priority, plugin_name 
=> model.plugin.php 108:
select * from `plugins`
              where plugin_enabled=1
              order by plugin_priority, plugin_name 
=> model.plugin.php 108:
select * from `plugins`
              where plugin_enabled=1
              order by plugin_priority, plugin_name 
=> model.plugin.php 108:
select * from `plugins`
              where plugin_enabled=1
              order by plugin_priority, plugin_name 
End of shop 



2016-12-15T16:04:38-05:00 : ErrorLog: http://fusiontix-blubytes1.c9users.io/pos//pos/view.php []
/pos/view.php []
====================================================================
=> model.plugin.php 108:
select * from `plugins`
              where plugin_enabled=1
              order by plugin_priority, plugin_name 
=> class.shopdb.php 283:
SELECT UNIX_TIMESTAMP() as current_db_time
=> model.plugin.php 108:
select * from `plugins`
              where plugin_enabled=1
              order by plugin_priority, plugin_name 
=> model.plugin.php 108:
select * from `plugins`
              where plugin_enabled=1
              order by plugin_priority, plugin_name 
=> model.plugin.php 108:
select * from `plugins`
              where plugin_enabled=1
              order by plugin_priority, plugin_name 
=> class.shopdb.php 283:
select admin_id, admin_password, admin_status
                  from Admin
                  where admin_login = 'demo_pos'
                  and   admin_inuse = 'Yes'
=> class.shopdb.php 283:
select *
              from Admin
              where admin_id = 2
=> class.shopdb.php 283:
select *
                  from User
                  where user_id = 2
=> model.plugin.php 108:
select * from `plugins`
              where plugin_enabled=1
              order by plugin_priority, plugin_name 
=> model.admin.php 243:
select adminlink_event_id from adminlink
                where adminlink_event_id is not null and adminlink_pos_id = 2
=> model.plugin.php 108:
select * from `plugins`
              where plugin_enabled=1
              order by plugin_priority, plugin_name 
=> smarty.order.php 310:
SELECT SQL_CALC_FOUND_ROWS *  FROM `Order`   WHERE Order.order_status!='trash' AND Order.order_status IN ('res')  order by order_id desc 
=> class.shopdb.php 283:
Select FOUND_ROWS()
=> model.plugin.php 108:
select * from `plugins`
              where plugin_enabled=1
              order by plugin_priority, plugin_name 
End of shop 



2016-12-15T16:04:41-05:00 : ErrorLog: http://fusiontix-blubytes1.c9users.io/pos//pos/view.php []
/pos/view.php []
====================================================================
=> model.plugin.php 108:
select * from `plugins`
              where plugin_enabled=1
              order by plugin_priority, plugin_name 
=> class.shopdb.php 283:
SELECT UNIX_TIMESTAMP() as current_db_time
=> model.plugin.php 108:
select * from `plugins`
              where plugin_enabled=1
              order by plugin_priority, plugin_name 
=> model.plugin.php 108:
select * from `plugins`
              where plugin_enabled=1
              order by plugin_priority, plugin_name 
=> model.plugin.php 108:
select * from `plugins`
              where plugin_enabled=1
              order by plugin_priority, plugin_name 
=> class.shopdb.php 283:
select *
              from Admin
              where admin_id = 2
=> class.shopdb.php 283:
select *
                  from User
                  where user_id = 2
=> model.admin.php 243:
select adminlink_event_id from adminlink
                where adminlink_event_id is not null and adminlink_pos_id = 2
=> model.plugin.php 108:
select * from `plugins`
              where plugin_enabled=1
              order by plugin_priority, plugin_name 
=> smarty.order.php 310:
SELECT SQL_CALC_FOUND_ROWS *  FROM `Order`  left join Handling on handling_id = order_handling_id  WHERE Order.order_status!='trash' AND Order.order_payment_status='paid' AND Order.order_shipment_status <> 'send' AND handling_shipment IN ('post','sp')  order by order_id desc 
=> class.shopdb.php 283:
Select FOUND_ROWS()
=> model.plugin.php 108:
select * from `plugins`
              where plugin_enabled=1
              order by plugin_priority, plugin_name 
End of shop 



2016-12-15T16:04:43-05:00 : ErrorLog: http://fusiontix-blubytes1.c9users.io/pos//pos/view.php []
/pos/view.php []
====================================================================
=> model.plugin.php 108:
select * from `plugins`
              where plugin_enabled=1
              order by plugin_priority, plugin_name 
=> class.shopdb.php 283:
SELECT UNIX_TIMESTAMP() as current_db_time
=> model.plugin.php 108:
select * from `plugins`
              where plugin_enabled=1
              order by plugin_priority, plugin_name 
=> model.plugin.php 108:
select * from `plugins`
              where plugin_enabled=1
              order by plugin_priority, plugin_name 
=> model.plugin.php 108:
select * from `plugins`
              where plugin_enabled=1
              order by plugin_priority, plugin_name 
=> class.shopdb.php 283:
select *
              from Admin
              where admin_id = 2
=> class.shopdb.php 283:
select *
                  from User
                  where user_id = 2
=> model.admin.php 243:
select adminlink_event_id from adminlink
                where adminlink_event_id is not null and adminlink_pos_id = 2
=> model.plugin.php 108:
select * from `plugins`
              where plugin_enabled=1
              order by plugin_priority, plugin_name 
=> smarty.order.php 310:
SELECT SQL_CALC_FOUND_ROWS *  FROM `Order`  left join Handling on handling_id = order_handling_id  WHERE Order.order_status!='trash' AND Order.order_status IN ('ord') AND Order.order_payment_status <> 'paid' AND handling_payment NOT IN ('entrance')  order by order_id desc 
=> class.shopdb.php 283:
Select FOUND_ROWS()
=> model.plugin.php 108:
select * from `plugins`
              where plugin_enabled=1
              order by plugin_priority, plugin_name 
End of shop 



2016-12-15T16:04:46-05:00 : ErrorLog: http://fusiontix-blubytes1.c9users.io/pos//pos/view.php []
/pos/view.php []
====================================================================
=> model.plugin.php 108:
select * from `plugins`
              where plugin_enabled=1
              order by plugin_priority, plugin_name 
=> class.shopdb.php 283:
SELECT UNIX_TIMESTAMP() as current_db_time
=> model.plugin.php 108:
select * from `plugins`
              where plugin_enabled=1
              order by plugin_priority, plugin_name 
=> model.plugin.php 108:
select * from `plugins`
              where plugin_enabled=1
              order by plugin_priority, plugin_name 
=> model.plugin.php 108:
select * from `plugins`
              where plugin_enabled=1
              order by plugin_priority, plugin_name 
=> class.shopdb.php 283:
select *
              from Admin
              where admin_id = 2
=> class.shopdb.php 283:
select *
                  from User
                  where user_id = 2
=> model.admin.php 243:
select adminlink_event_id from adminlink
                where adminlink_event_id is not null and adminlink_pos_id = 2
=> model.plugin.php 108:
select * from `plugins`
              where plugin_enabled=1
              order by plugin_priority, plugin_name 
=> smarty.order.php 310:
SELECT SQL_CALC_FOUND_ROWS *  FROM `Order`   WHERE Order.order_status!='trash' AND Order.order_payment_status='paid' AND Order.order_shipment_status='send'  order by order_id desc 
=> class.shopdb.php 283:
Select FOUND_ROWS()
=> model.plugin.php 108:
select * from `plugins`
              where plugin_enabled=1
              order by plugin_priority, plugin_name 
End of shop 



2016-12-15T16:04:48-05:00 : ErrorLog: http://fusiontix-blubytes1.c9users.io/pos//pos/view.php []
/pos/view.php []
====================================================================
=> model.plugin.php 108:
select * from `plugins`
              where plugin_enabled=1
              order by plugin_priority, plugin_name 
=> class.shopdb.php 283:
SELECT UNIX_TIMESTAMP() as current_db_time
=> model.plugin.php 108:
select * from `plugins`
              where plugin_enabled=1
              order by plugin_priority, plugin_name 
=> model.plugin.php 108:
select * from `plugins`
              where plugin_enabled=1
              order by plugin_priority, plugin_name 
=> model.plugin.php 108:
select * from `plugins`
              where plugin_enabled=1
              order by plugin_priority, plugin_name 
=> class.shopdb.php 283:
select *
              from Admin
              where admin_id = 2
=> class.shopdb.php 283:
select *
                  from User
                  where user_id = 2
=> model.admin.php 243:
select adminlink_event_id from adminlink
                where adminlink_event_id is not null and adminlink_pos_id = 2
=> model.plugin.php 108:
select * from `plugins`
              where plugin_enabled=1
              order by plugin_priority, plugin_name 
=> smarty.order.php 310:
SELECT SQL_CALC_FOUND_ROWS *  FROM `Order`   WHERE Order.order_status!='trash' and order_place='pos' and order_owner_id='2'  order by order_id desc 
=> class.shopdb.php 283:
Select FOUND_ROWS()
=> model.plugin.php 108:
select * from `plugins`
              where plugin_enabled=1
              order by plugin_priority, plugin_name 
End of shop 



2016-12-15T16:04:49-05:00 : ErrorLog: http://fusiontix-blubytes1.c9users.io/pos//pos/view.php []
/pos/view.php []
====================================================================
=> model.plugin.php 108:
select * from `plugins`
              where plugin_enabled=1
              order by plugin_priority, plugin_name 
=> class.shopdb.php 283:
SELECT UNIX_TIMESTAMP() as current_db_time
=> model.plugin.php 108:
select * from `plugins`
              where plugin_enabled=1
              order by plugin_priority, plugin_name 
=> basics.php 593:
UPDATE Seat SET
            seat_status='free',
            seat_ts=NULL,
            seat_sid=NULL
         where seat_status='res'
         and seat_ts<1481835889
=> model.config.php 268:
insert into configuration (config_field, config_value) VALUES ('shopconfig_lastrun',CONCAT('i:',UNIX_TIMESTAMP(TIMESTAMPADD( MINUTE , 10, now( ) )),';'))
                       on duplicate key update config_value=CONCAT('i:',UNIX_TIMESTAMP(TIMESTAMPADD( MINUTE , 10, now( ) )),';')
=> model.plugin.php 108:
select * from `plugins`
              where plugin_enabled=1
              order by plugin_priority, plugin_name 
=> model.plugin.php 108:
select * from `plugins`
              where plugin_enabled=1
              order by plugin_priority, plugin_name 
=> model.plugin.php 108:
select * from `plugins`
              where plugin_enabled=1
              order by plugin_priority, plugin_name 
=> class.shopdb.php 283:
select *
              from Admin
              where admin_id = 2
=> class.shopdb.php 283:
select *
                  from User
                  where user_id = 2
=> model.admin.php 243:
select adminlink_event_id from adminlink
                where adminlink_event_id is not null and adminlink_pos_id = 2
=> model.plugin.php 108:
select * from `plugins`
              where plugin_enabled=1
              order by plugin_priority, plugin_name 
=> smarty.order.php 310:
SELECT SQL_CALC_FOUND_ROWS *  FROM `Order`  left join Handling on handling_id = order_handling_id  WHERE Order.order_status!='trash' AND Order.order_payment_status='paid' AND Order.order_shipment_status <> 'send' AND handling_shipment IN ('post','sp')  order by order_id desc 
=> class.shopdb.php 283:
Select FOUND_ROWS()
=> model.plugin.php 108:
select * from `plugins`
              where plugin_enabled=1
              order by plugin_priority, plugin_name 
End of shop 



2016-12-15T16:04:51-05:00 : ErrorLog: http://fusiontix-blubytes1.c9users.io/pos//pos/index.php []
/pos/index.php []
====================================================================
=> model.plugin.php 108:
select * from `plugins`
              where plugin_enabled=1
              order by plugin_priority, plugin_name 
=> class.shopdb.php 283:
SELECT UNIX_TIMESTAMP() as current_db_time
=> model.plugin.php 108:
select * from `plugins`
              where plugin_enabled=1
              order by plugin_priority, plugin_name 
=> model.plugin.php 108:
select * from `plugins`
              where plugin_enabled=1
              order by plugin_priority, plugin_name 
=> model.plugin.php 108:
select * from `plugins`
              where plugin_enabled=1
              order by plugin_priority, plugin_name 
=> class.shopdb.php 283:
select *
              from Admin
              where admin_id = 2
=> class.shopdb.php 283:
select *
                  from User
                  where user_id = 2
=> model.admin.php 243:
select adminlink_event_id from adminlink
                where adminlink_event_id is not null and adminlink_pos_id = 2
=> model.plugin.php 108:
select * from `plugins`
              where plugin_enabled=1
              order by plugin_priority, plugin_name 
=> block.handling.php 78:
select * FROM Handling h
            WHERE 1=1
             AND h.handling_alt_only='No' and handling_sale_mode LIKE '%sp%'
             
=> model.plugin.php 108:
select * from `plugins`
              where plugin_enabled=1
              order by plugin_priority, plugin_name 
End of shop 



2016-12-15T16:04:52-05:00 : ErrorLog: http://fusiontix-blubytes1.c9users.io/pos//pos/ajax.php [UserSearch]
/pos/ajax.php [UserSearch]
====================================================================
=> model.plugin.php 108:
select * from `plugins`
              where plugin_enabled=1
              order by plugin_priority, plugin_name 
=> class.shopdb.php 283:
SELECT UNIX_TIMESTAMP() as current_db_time
=> model.plugin.php 108:
select * from `plugins`
              where plugin_enabled=1
              order by plugin_priority, plugin_name 
=> model.plugin.php 108:
select * from `plugins`
              where plugin_enabled=1
              order by plugin_priority, plugin_name 
=> model.plugin.php 108:
select * from `plugins`
              where plugin_enabled=1
              order by plugin_priority, plugin_name 
=> class.shopdb.php 283:
select *
              from Admin
              where admin_id = 2
=> class.shopdb.php 283:
select *
                  from User
                  where user_id = 2
=> model.admin.php 243:
select adminlink_event_id from adminlink
                where adminlink_event_id is not null and adminlink_pos_id = 2
=> model.plugin.php 108:
select * from `plugins`
              where plugin_enabled=1
              order by plugin_priority, plugin_name 
=> class.shopdb.php 523:
SHOW COLUMNS FROM `User`
=> controller.pos.json.php 508:
SELECT user_id, CONCAT_WS(', ',user_lastname, user_firstname) AS user_data,
               	user_phone, user_city, user_email
			    	FROM `User`
        		WHERE (user_country like '%US%') 

End of shop 



2016-12-15T16:04:52-05:00 : ErrorLog: http://fusiontix-blubytes1.c9users.io/pos//pos/ajax.php [CartInfo]
/pos/ajax.php [CartInfo]
====================================================================
=> model.plugin.php 108:
select * from `plugins`
              where plugin_enabled=1
              order by plugin_priority, plugin_name 
=> class.shopdb.php 283:
SELECT UNIX_TIMESTAMP() as current_db_time
=> model.plugin.php 108:
select * from `plugins`
              where plugin_enabled=1
              order by plugin_priority, plugin_name 
=> model.plugin.php 108:
select * from `plugins`
              where plugin_enabled=1
              order by plugin_priority, plugin_name 
=> model.plugin.php 108:
select * from `plugins`
              where plugin_enabled=1
              order by plugin_priority, plugin_name 
=> class.shopdb.php 283:
select *
              from Admin
              where admin_id = 2
=> class.shopdb.php 283:
select *
                  from User
                  where user_id = 2
=> model.admin.php 243:
select adminlink_event_id from adminlink
                where adminlink_event_id is not null and adminlink_pos_id = 2
=> model.plugin.php 108:
select * from `plugins`
              where plugin_enabled=1
              order by plugin_priority, plugin_name 
=> model.plugin.php 108:
select * from `plugins`
              where plugin_enabled=1
              order by plugin_priority, plugin_name 
End of shop 



2016-12-15T16:04:52-05:00 : ErrorLog: http://fusiontix-blubytes1.c9users.io/pos//pos/ajax.php [events]
/pos/ajax.php [events]
====================================================================
=> model.plugin.php 108:
select * from `plugins`
              where plugin_enabled=1
              order by plugin_priority, plugin_name 
=> class.shopdb.php 283:
SELECT UNIX_TIMESTAMP() as current_db_time
=> model.plugin.php 108:
select * from `plugins`
              where plugin_enabled=1
              order by plugin_priority, plugin_name 
=> model.plugin.php 108:
select * from `plugins`
              where plugin_enabled=1
              order by plugin_priority, plugin_name 
=> model.plugin.php 108:
select * from `plugins`
              where plugin_enabled=1
              order by plugin_priority, plugin_name 
=> class.shopdb.php 283:
select *
              from Admin
              where admin_id = 2
=> class.shopdb.php 283:
select *
                  from User
                  where user_id = 2
=> model.admin.php 243:
select adminlink_event_id from adminlink
                where adminlink_event_id is not null and adminlink_pos_id = 2
=> model.plugin.php 108:
select * from `plugins`
              where plugin_enabled=1
              order by plugin_priority, plugin_name 
=> controller.pos.json.php 150:
SELECT  SQL_CALC_FOUND_ROWS *
				FROM Event left join Ort on ort_id = event_ort_id
				           left join PlaceMap2 on pm_id = event_pm_id
				where 1=1
				AND event_date >= '2016-12-15'
        AND (event_view_begin = '0000-00-00 00:00:00' OR (event_view_begin <= now()))
        and (event_view_end   = '0000-00-00 00:00:00' OR (event_view_end >= now()))
				and event_rep LIKE '%sub%'
				AND event_status = 'pub'
				AND event_free > 0
				and event_pm_id is not null
				and (select count(*) from Category c WHERE c.category_pos = 1	AND c.category_event_id = event_id) > 0
				
				ORDER BY event_date,event_time, event_name, event_id
=> class.shopdb.php 283:
SELECT FOUND_ROWS();
End of shop 



2016-12-15T16:05:20-05:00 : ErrorLog: http://fusiontix-blubytes1.c9users.io/control//control/index.php []
/control/index.php []
====================================================================
=> model.plugin.php 108:
select * from `plugins`
              where plugin_enabled=1
              order by plugin_priority, plugin_name 
=> class.shopdb.php 283:
SELECT UNIX_TIMESTAMP() as current_db_time
=> model.plugin.php 108:
select * from `plugins`
              where plugin_enabled=1
              order by plugin_priority, plugin_name 

2016-12-15T16:05:20-05:00 : ErrorLog: http://fusiontix-blubytes1.c9users.io/control//control/index.php []
/control/index.php []
====================================================================
=> model.plugin.php 108:
select * from `plugins`
              where plugin_enabled=1
              order by plugin_priority, plugin_name 
=> class.shopdb.php 283:
SELECT UNIX_TIMESTAMP() as current_db_time
=> model.plugin.php 108:
select * from `plugins`
              where plugin_enabled=1
              order by plugin_priority, plugin_name 
=> model.plugin.php 108:
select * from `plugins`
              where plugin_enabled=1
              order by plugin_priority, plugin_name 
End of shop 



2016-12-15T16:05:25-05:00 : ErrorLog: http://fusiontix-blubytes1.c9users.io/pos//pos/index.php []
/pos/index.php []
====================================================================
=> model.plugin.php 108:
select * from `plugins`
              where plugin_enabled=1
              order by plugin_priority, plugin_name 
=> class.shopdb.php 283:
SELECT UNIX_TIMESTAMP() as current_db_time
=> model.plugin.php 108:
select * from `plugins`
              where plugin_enabled=1
              order by plugin_priority, plugin_name 
=> model.plugin.php 108:
select * from `plugins`
              where plugin_enabled=1
              order by plugin_priority, plugin_name 
=> model.plugin.php 108:
select * from `plugins`
              where plugin_enabled=1
              order by plugin_priority, plugin_name 
=> class.shopdb.php 283:
select *
              from Admin
              where admin_id = 2
=> class.shopdb.php 283:
select *
                  from User
                  where user_id = 2
=> model.admin.php 243:
select adminlink_event_id from adminlink
                where adminlink_event_id is not null and adminlink_pos_id = 2
=> model.plugin.php 108:
select * from `plugins`
              where plugin_enabled=1
              order by plugin_priority, plugin_name 
=> block.handling.php 78:
select * FROM Handling h
            WHERE 1=1
             AND h.handling_alt_only='No' and handling_sale_mode LIKE '%sp%'
             
=> model.plugin.php 108:
select * from `plugins`
              where plugin_enabled=1
              order by plugin_priority, plugin_name 
End of shop 



2016-12-15T16:05:26-05:00 : ErrorLog: http://fusiontix-blubytes1.c9users.io/pos//pos/ajax.php [UserSearch]
/pos/ajax.php [UserSearch]
====================================================================
=> model.plugin.php 108:
select * from `plugins`
              where plugin_enabled=1
              order by plugin_priority, plugin_name 
=> class.shopdb.php 283:
SELECT UNIX_TIMESTAMP() as current_db_time
=> model.plugin.php 108:
select * from `plugins`
              where plugin_enabled=1
              order by plugin_priority, plugin_name 
=> model.plugin.php 108:
select * from `plugins`
              where plugin_enabled=1
              order by plugin_priority, plugin_name 
=> model.plugin.php 108:
select * from `plugins`
              where plugin_enabled=1
              order by plugin_priority, plugin_name 
=> class.shopdb.php 283:
select *
              from Admin
              where admin_id = 2
=> class.shopdb.php 283:
select *
                  from User
                  where user_id = 2
=> model.admin.php 243:
select adminlink_event_id from adminlink
                where adminlink_event_id is not null and adminlink_pos_id = 2
=> model.plugin.php 108:
select * from `plugins`
              where plugin_enabled=1
              order by plugin_priority, plugin_name 
=> class.shopdb.php 523:
SHOW COLUMNS FROM `User`
=> controller.pos.json.php 508:
SELECT user_id, CONCAT_WS(', ',user_lastname, user_firstname) AS user_data,
               	user_phone, user_city, user_email
			    	FROM `User`
        		WHERE (user_country like '%US%') 

End of shop 



2016-12-15T16:05:26-05:00 : ErrorLog: http://fusiontix-blubytes1.c9users.io/pos//pos/ajax.php [CartInfo]
/pos/ajax.php [CartInfo]
====================================================================
=> model.plugin.php 108:
select * from `plugins`
              where plugin_enabled=1
              order by plugin_priority, plugin_name 
=> class.shopdb.php 283:
SELECT UNIX_TIMESTAMP() as current_db_time
=> model.plugin.php 108:
select * from `plugins`
              where plugin_enabled=1
              order by plugin_priority, plugin_name 
=> model.plugin.php 108:
select * from `plugins`
              where plugin_enabled=1
              order by plugin_priority, plugin_name 
=> model.plugin.php 108:
select * from `plugins`
              where plugin_enabled=1
              order by plugin_priority, plugin_name 
=> class.shopdb.php 283:
select *
              from Admin
              where admin_id = 2
=> class.shopdb.php 283:
select *
                  from User
                  where user_id = 2
=> model.admin.php 243:
select adminlink_event_id from adminlink
                where adminlink_event_id is not null and adminlink_pos_id = 2
=> model.plugin.php 108:
select * from `plugins`
              where plugin_enabled=1
              order by plugin_priority, plugin_name 
=> model.plugin.php 108:
select * from `plugins`
              where plugin_enabled=1
              order by plugin_priority, plugin_name 
End of shop 



2016-12-15T16:05:26-05:00 : ErrorLog: http://fusiontix-blubytes1.c9users.io/pos//pos/ajax.php [events]
/pos/ajax.php [events]
====================================================================
=> model.plugin.php 108:
select * from `plugins`
              where plugin_enabled=1
              order by plugin_priority, plugin_name 
=> class.shopdb.php 283:
SELECT UNIX_TIMESTAMP() as current_db_time
=> model.plugin.php 108:
select * from `plugins`
              where plugin_enabled=1
              order by plugin_priority, plugin_name 
=> model.plugin.php 108:
select * from `plugins`
              where plugin_enabled=1
              order by plugin_priority, plugin_name 
=> model.plugin.php 108:
select * from `plugins`
              where plugin_enabled=1
              order by plugin_priority, plugin_name 
=> class.shopdb.php 283:
select *
              from Admin
              where admin_id = 2
=> class.shopdb.php 283:
select *
                  from User
                  where user_id = 2
=> model.admin.php 243:
select adminlink_event_id from adminlink
                where adminlink_event_id is not null and adminlink_pos_id = 2
=> model.plugin.php 108:
select * from `plugins`
              where plugin_enabled=1
              order by plugin_priority, plugin_name 
=> controller.pos.json.php 150:
SELECT  SQL_CALC_FOUND_ROWS *
				FROM Event left join Ort on ort_id = event_ort_id
				           left join PlaceMap2 on pm_id = event_pm_id
				where 1=1
				AND event_date >= '2016-12-15'
        AND (event_view_begin = '0000-00-00 00:00:00' OR (event_view_begin <= now()))
        and (event_view_end   = '0000-00-00 00:00:00' OR (event_view_end >= now()))
				and event_rep LIKE '%sub%'
				AND event_status = 'pub'
				AND event_free > 0
				and event_pm_id is not null
				and (select count(*) from Category c WHERE c.category_pos = 1	AND c.category_event_id = event_id) > 0
				
				ORDER BY event_date,event_time, event_name, event_id
=> class.shopdb.php 283:
SELECT FOUND_ROWS();
End of shop 



