2016-12-13T09:36:51-05:00 : ErrorLog: http://fusiontix-blubytes1.c9users.io//programm.php []
/programm.php []
====================================================================
=> model.plugin.php 108:
select * from `plugins`
              where plugin_enabled=1
              order by plugin_priority, plugin_name 
=> class.shopdb.php 283:
SELECT UNIX_TIMESTAMP() as current_db_time
=> model.plugin.php 108:
select * from `plugins`
              where plugin_enabled=1
              order by plugin_priority, plugin_name 
=> basics.php 593:
UPDATE Seat SET
            seat_status='free',
            seat_ts=NULL,
            seat_sid=NULL
         where seat_status='res'
         and seat_ts<1481639811
=> model.config.php 268:
insert into configuration (config_field, config_value) VALUES ('shopconfig_lastrun',CONCAT('i:',UNIX_TIMESTAMP(TIMESTAMPADD( MINUTE , 10, now( ) )),';'))
                       on duplicate key update config_value=CONCAT('i:',UNIX_TIMESTAMP(TIMESTAMPADD( MINUTE , 10, now( ) )),';')
=> model.plugin.php 108:
select * from `plugins`
              where plugin_enabled=1
              order by plugin_priority, plugin_name 
=> model.plugin.php 108:
select * from `plugins`
              where plugin_enabled=1
              order by plugin_priority, plugin_name 
=> model.plugin.php 108:
select * from `plugins`
              where plugin_enabled=1
              order by plugin_priority, plugin_name 
=> model.plugin.php 108:
select * from `plugins`
              where plugin_enabled=1
              order by plugin_priority, plugin_name 
=> block.event.php 159:
select  Event.*, Ort.* from Event LEFT JOIN Ort ON ort_id=event_ort_id where (event_rep ='main,sub' and (event_status='pub' and event_date>='2016-12-13'))
	             OR     (event_rep = 'main' and (select COALESCE(count(*),0)
	                                                    from Event main
	                                                    where main.event_main_id = Event.event_id
	                                                    and event_status='pub' and event_date>='2016-12-13')>0) order by event_date,event_time 
=> model.plugin.php 108:
select * from `plugins`
              where plugin_enabled=1
              order by plugin_priority, plugin_name 
End of shop 



2016-12-13T09:36:51-05:00 : ErrorLog: http://fusiontix-blubytes1.c9users.io/admin//admin/view_users.php [][tab:0]
/admin/view_users.php []
====================================================================
=> model.plugin.php 108:
select * from `plugins`
              where plugin_enabled=1
              order by plugin_priority, plugin_name 
=> class.shopdb.php 283:
SELECT UNIX_TIMESTAMP() as current_db_time
=> model.plugin.php 108:
select * from `plugins`
              where plugin_enabled=1
              order by plugin_priority, plugin_name 
=> class.shopdb.php 283:
select *
              from Admin
              where admin_id = 1
=> model.admin.php 243:
select adminlink_event_id from adminlink
                where adminlink_event_id is not null and adminlink_admin_id = 1
=> model.plugin.php 108:
select * from `plugins`
              where plugin_enabled=1
              order by plugin_priority, plugin_name 
=> model.plugin.php 108:
select * from `plugins`
              where plugin_enabled=1
              order by plugin_priority, plugin_name 
=> model.plugin.php 108:
select * from `plugins`
              where plugin_enabled=1
              order by plugin_priority, plugin_name 
=> model.plugin.php 108:
select * from `plugins`
              where plugin_enabled=1
              order by plugin_priority, plugin_name 
=> model.plugin.php 108:
select * from `plugins`
              where plugin_enabled=1
              order by plugin_priority, plugin_name 
=> model.plugin.php 108:
select * from `plugins`
              where plugin_enabled=1
              order by plugin_priority, plugin_name 
=> model.plugin.php 108:
select * from `plugins`
              where plugin_enabled=1
              order by plugin_priority, plugin_name 
=> model.plugin.php 108:
select * from `plugins`
              where plugin_enabled=1
              order by plugin_priority, plugin_name 
=> model.plugin.php 108:
select * from `plugins`
              where plugin_enabled=1
              order by plugin_priority, plugin_name 
=> model.plugin.php 108:
select * from `plugins`
              where plugin_enabled=1
              order by plugin_priority, plugin_name 
=> model.plugin.php 108:
select * from `plugins`
              where plugin_enabled=1
              order by plugin_priority, plugin_name 
=> model.plugin.php 108:
select * from `plugins`
              where plugin_enabled=1
              order by plugin_priority, plugin_name 
=> model.plugin.php 108:
select * from `plugins`
              where plugin_enabled=1
              order by plugin_priority, plugin_name 
=> model.plugin.php 108:
select * from `plugins`
              where plugin_enabled=1
              order by plugin_priority, plugin_name 
=> model.plugin.php 108:
select * from `plugins`
              where plugin_enabled=1
              order by plugin_priority, plugin_name 
=> model.plugin.php 108:
select * from `plugins`
              where plugin_enabled=1
              order by plugin_priority, plugin_name 
=> model.plugin.php 108:
select * from `plugins`
              where plugin_enabled=1
              order by plugin_priority, plugin_name 
=> model.plugin.php 108:
select * from `plugins`
              where plugin_enabled=1
              order by plugin_priority, plugin_name 
=> model.plugin.php 108:
select * from `plugins`
              where plugin_enabled=1
              order by plugin_priority, plugin_name 
=> model.plugin.php 108:
select * from `plugins`
              where plugin_enabled=1
              order by plugin_priority, plugin_name 
=> model.plugin.php 108:
select * from `plugins`
              where plugin_enabled=1
              order by plugin_priority, plugin_name 
=> model.plugin.php 108:
select * from `plugins`
              where plugin_enabled=1
              order by plugin_priority, plugin_name 
=> model.plugin.php 108:
select * from `plugins`
              where plugin_enabled=1
              order by plugin_priority, plugin_name 
=> model.plugin.php 108:
select * from `plugins`
              where plugin_enabled=1
              order by plugin_priority, plugin_name 
=> model.plugin.php 108:
select * from `plugins`
              where plugin_enabled=1
              order by plugin_priority, plugin_name 
=> model.plugin.php 108:
select * from `plugins`
              where plugin_enabled=1
              order by plugin_priority, plugin_name 
=> model.plugin.php 108:
select * from `plugins`
              where plugin_enabled=1
              order by plugin_priority, plugin_name 
=> model.plugin.php 108:
select * from `plugins`
              where plugin_enabled=1
              order by plugin_priority, plugin_name 
=> model.plugin.php 108:
select * from `plugins`
              where plugin_enabled=1
              order by plugin_priority, plugin_name 
=> model.plugin.php 108:
select * from `plugins`
              where plugin_enabled=1
              order by plugin_priority, plugin_name 
=> model.plugin.php 108:
select * from `plugins`
              where plugin_enabled=1
              order by plugin_priority, plugin_name 
=> model.plugin.php 108:
select * from `plugins`
              where plugin_enabled=1
              order by plugin_priority, plugin_name 
=> model.plugin.php 108:
select * from `plugins`
              where plugin_enabled=1
              order by plugin_priority, plugin_name 
=> model.plugin.php 108:
select * from `plugins`
              where plugin_enabled=1
              order by plugin_priority, plugin_name 
=> view.adminusers.php 51:
SELECT Admin.*, User.user_lastname
            FROM Admin left join User on admin_user_id = user_id
            where field(admin_status,"admin", "pos", "control") or admin_id = 1 order by admin_status asc, admin_country
=> model.plugin.php 108:
select * from `plugins`
              where plugin_enabled=1
              order by plugin_priority, plugin_name 
End of shop 



